{"id":"00102","ssim":0.9182992884147521,"sizeScore":0.975307066252765,"combined":0.8956237849257935,"pre":0.8990669433818219,"delta":0.019232345032930143,"baselineSource":"canary"}
{"id":"00131","ssim":0.9321992644735843,"sizeScore":0.24074488305090777,"combined":0.22442220290583528,"pre":0.8902674982515599,"delta":0.041931766222024325,"baselineSource":"canary"}
{"id":"00133","ssim":0.8658580842329003,"sizeScore":1,"combined":0.8658580842329003,"pre":0.8658580842329003,"delta":0,"baselineSource":"canary"}
{"id":"00137","ssim":0.8381619983200003,"sizeScore":0.9997784179047401,"combined":0.8379762766282453,"pre":0.8381619983200003,"delta":0,"baselineSource":"canary"}
{"id":"00358","ssim":0.9503905879468262,"sizeScore":0.9989062447684958,"combined":0.9493510932692869,"pre":0.9513998766442548,"delta":-0.0010092886974286674,"baselineSource":"canary"}
{"id":"00394","ssim":0.8689729528885636,"sizeScore":0.9905585549919703,"combined":0.8607685925404011,"pre":0.8757499849552542,"delta":-0.006777032066690669,"baselineSource":"canary"}
{"id":"00405","ssim":0.85325063653058,"sizeScore":0.9780830788850545,"combined":0.8345500096384623,"pre":0.8532507325064547,"delta":-9.597587469212243e-8,"baselineSource":"canary"}
{"id":"00476","ssim":0.9284674347012641,"sizeScore":0.9994926048050439,"combined":0.9279963347862235,"pre":0.9284674347012641,"delta":0,"baselineSource":"canary"}
{"id":"00517","ssim":0.9328842270394733,"sizeScore":0.8059385066591319,"combined":0.7518473208260517,"pre":0.9446380379634843,"delta":-0.011753810924011066,"baselineSource":"canary"}
{"id":"00971","ssim":0.8751650388345218,"sizeScore":0.998601242325236,"combined":0.8739408950197668,"pre":0.8721719273853027,"delta":0.002993111449219099,"baselineSource":"canary"}
{"id":"00982","ssim":0.9716534116679293,"sizeScore":0.998601242325236,"combined":0.9702943040011481,"pre":0.9701286154963203,"delta":0.0015247961716089442,"baselineSource":"canary"}
{"id":"01250","ssim":0.9976905563700779,"sizeScore":0.998601242325236,"combined":0.9962950290473156,"pre":0.9981896283857342,"delta":-0.0004990720156563544,"baselineSource":"canary"}
{"id":"02545","ssim":0.9079392672955947,"sizeScore":0.9818950376101413,"combined":0.8915010610089321,"pre":0.9237149640894972,"delta":-0.01577569679390245,"baselineSource":"canary"}
{"id":"02994","ssim":0.9826413106617509,"sizeScore":1,"combined":0.9826413106617509,"pre":0.9826413106617509,"delta":0,"baselineSource":"canary"}
{"id":"03392","ssim":0.8242808694730126,"sizeScore":0.2332104983176559,"combined":0.19223095232351195,"pre":0.8242808694730126,"delta":0,"baselineSource":"canary"}
{"id":"03394","ssim":0.9727747020249763,"sizeScore":0.998601242325236,"combined":0.9714140259447025,"pre":0.9725410547253316,"delta":0.00023364729964470143,"baselineSource":"canary"}
{"id":"03491","ssim":0.8641663837704405,"sizeScore":0.9905326154305476,"combined":0.8559849882832927,"pre":0.8641663837704405,"delta":0,"baselineSource":"canary"}
{"id":"03759","ssim":0.8971394153260521,"sizeScore":0.7893420508463179,"combined":0.7081498659885326,"pre":0.8971448366505458,"delta":-0.000005421324493659618,"baselineSource":"canary"}
{"id":"03764","ssim":0.9895394127688122,"sizeScore":0.998601242325236,"combined":0.9881552869207203,"pre":0.9895394127688122,"delta":0,"baselineSource":"canary"}
{"id":"03899","ssim":0.9386957028282746,"sizeScore":0.23331239171649684,"combined":0.2190093395208627,"pre":0.9483748157980888,"delta":-0.009679112969814163,"baselineSource":"canary"}
{"id":"03928","ssim":0.8105537991390426,"sizeScore":0.5922954504247049,"combined":0.480087327554515,"pre":0.8105537991390426,"delta":0,"baselineSource":"canary"}
{"id":"03978","ssim":0.982098847465794,"sizeScore":0.998601242325236,"combined":0.9807251291655243,"pre":0.982098847465794,"delta":0,"baselineSource":"canary"}
{"id":"04194","ssim":0.9743234214890069,"sizeScore":0.9796264916428444,"combined":0.9544730351187282,"pre":0.9743234214890069,"delta":0,"baselineSource":"canary"}
{"id":"04202","ssim":0.873406704532403,"sizeScore":0.998601242325236,"combined":0.8721850202012479,"pre":0.8738399714737763,"delta":-0.00043326694137335586,"baselineSource":"canary"}
{"id":"04211","ssim":0.9344638308871481,"sizeScore":0.998601242325236,"combined":0.9331567424319053,"pre":0.9493240654773341,"delta":-0.014860234590185928,"baselineSource":"canary"}
{"id":"04219","ssim":0.8795611073814559,"sizeScore":0.5712691925999732,"combined":0.5024661636561426,"pre":0.8795611073814559,"delta":0,"baselineSource":"canary"}
{"id":"04410","ssim":0.9899776802524262,"sizeScore":0.9997665324920042,"combined":0.9897465526304462,"pre":0.9870918003684541,"delta":0.0028858798839720423,"baselineSource":"canary"}
{"id":"04425","ssim":0.9952879614321285,"sizeScore":0.9999779547375498,"combined":0.9952660200478052,"pre":0.9952900067737392,"delta":-0.0000020453416107457656,"baselineSource":"canary"}
{"id":"04453","ssim":0.8267993655852292,"sizeScore":0.9912898002040418,"combined":0.8195977779198103,"pre":0.8267993655852292,"delta":0,"baselineSource":"canary"}
{"id":"04482","ssim":0.9703245368734121,"sizeScore":0.9999316052253875,"combined":0.9702581717454117,"pre":0.8663485331476081,"delta":0.10397600372580407,"baselineSource":"canary"}
{"id":"04520","ssim":0.9944597820359293,"sizeScore":0.9982194529524703,"combined":0.9926890996071382,"pre":0.9954893881479224,"delta":-0.0010296061119930977,"baselineSource":"canary"}
{"id":"04582","ssim":0.9946202483613447,"sizeScore":0.9850588455112143,"combined":0.9797594735729034,"pre":0.9946202483613447,"delta":0,"baselineSource":"canary"}
{"id":"04593","ssim":0.8061061141748188,"sizeScore":0.4316276240187429,"combined":0.3479376667682585,"pre":0.8061061141748188,"delta":0,"baselineSource":"canary"}
{"id":"04604","ssim":0.8021005736622817,"sizeScore":0.4316276240187429,"combined":0.3462087648339213,"pre":0.8021005736622817,"delta":0,"baselineSource":"canary"}
{"id":"04672","ssim":0.8069096996672281,"sizeScore":0.4316276240187429,"combined":0.3482845164650431,"pre":0.8069096996672281,"delta":0,"baselineSource":"canary"}
{"id":"04675","ssim":0.8747921275429905,"sizeScore":0.9968741508767159,"combined":0.8720576593380545,"pre":0.8742227774268672,"delta":0.0005693501161233572,"baselineSource":"canary"}
{"id":"04769","ssim":0.8570985337318379,"sizeScore":0.5000949872804733,"combined":0.4286306803247358,"pre":0.8529447736916789,"delta":0.004153760040158994,"baselineSource":"canary"}
{"id":"04795","ssim":0.8668470937344273,"sizeScore":0.9987992604887252,"combined":0.8658062361787466,"pre":0.8111714118259028,"delta":0.055675681908524455,"baselineSource":"canary"}
{"id":"04995","ssim":0.9859327151076136,"sizeScore":0.9944166974961618,"combined":0.9804279545107373,"pre":0.9910238049955905,"delta":-0.005091089887976907,"baselineSource":"canary"}
{"id":"05125","ssim":0.9120740237115481,"sizeScore":0.9990215456447233,"combined":0.9111816009107129,"pre":0.8899868131221395,"delta":0.022087210589408657,"baselineSource":"canary"}
{"id":"05132","ssim":0.8517471061034385,"sizeScore":0.9999128663697413,"combined":0.8516728902860213,"pre":0.8529809169494424,"delta":-0.0012338108460039354,"baselineSource":"canary"}
{"id":"05158","ssim":0.9872677903205238,"sizeScore":0.9999612218303305,"combined":0.9872295058826416,"pre":0.9872677903205238,"delta":0,"baselineSource":"canary"}
{"id":"05474","ssim":0.9674985490778388,"sizeScore":0.9830438962809287,"combined":0.951093543331624,"pre":0.9673068529416066,"delta":0.00019169613623226667,"baselineSource":"canary"}
{"id":"05529","ssim":0.9430996392193438,"sizeScore":0.9250489839431288,"combined":0.8724133630169854,"pre":0.8301690859412223,"delta":0.11293055327812151,"baselineSource":"canary"}
{"id":"05572","ssim":0.817402617425099,"sizeScore":0.9912898002040418,"combined":0.8102828773135872,"pre":0.82601361123961,"delta":-0.008610993814511025,"baselineSource":"canary"}
{"id":"05914","ssim":0.9815049262802339,"sizeScore":0.9991045695536581,"combined":0.980626056886008,"pre":0.9827935496394227,"delta":-0.0012886233591887786,"baselineSource":"canary"}
{"id":"05976","ssim":0.8940223878484524,"sizeScore":0.9242846446656441,"combined":0.8263311650756375,"pre":0.8941290007534456,"delta":-0.00010661290499314191,"baselineSource":"canary"}
{"id":"06413","ssim":0.8962747477998401,"sizeScore":0.9689119261907926,"combined":0.8684112922869098,"pre":0.8472625640617457,"delta":0.04901218373809435,"baselineSource":"canary"}
{"id":"06586","ssim":0.9980361501086458,"sizeScore":1,"combined":0.9980361501086458,"pre":0.9981968352153758,"delta":-0.00016068510673006298,"baselineSource":"canary"}
{"id":"06643","ssim":0.9936961252128702,"sizeScore":0.9904013026971624,"combined":0.9841579368959493,"pre":0.9936961252128702,"delta":0,"baselineSource":"canary"}
{"id":"06801","ssim":0.8905526300556057,"sizeScore":0.9978239354035724,"combined":0.8886147300060862,"pre":0.8905526300556057,"delta":0,"baselineSource":"canary"}
{"id":"07183","ssim":0.8123387898964172,"sizeScore":0.012240957104218644,"combined":0.009943804281214925,"pre":0.8175047927200003,"delta":-0.005166002823583149,"baselineSource":"canary"}
{"id":"07281","ssim":0.9928497127688086,"sizeScore":0.9999525031324273,"combined":0.9928025555174816,"pre":0.9931518544860023,"delta":-0.00030214171719367133,"baselineSource":"canary"}
{"id":"07413","ssim":0.8729883433272536,"sizeScore":3.747509286013371e-224,"combined":3.2715319232003115e-224,"pre":0.8729883433272536,"delta":0,"baselineSource":"canary"}
{"id":"07709","ssim":0.96916169669633,"sizeScore":0.8892576663044595,"combined":0.8618344686758488,"pre":0.8772714180684767,"delta":0.09189027862785326,"baselineSource":"canary"}
{"id":"08091","ssim":0.9944595324070962,"sizeScore":0.9993714566072059,"combined":0.9938344714386006,"pre":0.9946437910865182,"delta":-0.00018425867942206686,"baselineSource":"canary"}
{"id":"08452","ssim":0.9875062426618681,"sizeScore":0.9934658787887908,"combined":0.9810537571754897,"pre":0.9873971556168383,"delta":0.00010908704502987643,"baselineSource":"canary"}
{"id":"08670","ssim":0.8748080378904309,"sizeScore":0.6609738514039228,"combined":0.578225238043547,"pre":0.8748080378904309,"delta":0,"baselineSource":"canary"}
{"id":"08686","ssim":0.9911246381587852,"sizeScore":0.9995545657089256,"combined":0.9906831572582205,"pre":0.9864201909138293,"delta":0.004704447244955889,"baselineSource":"canary"}
{"id":"08723","ssim":0.9936425631219703,"sizeScore":0.9992129579024067,"combined":0.9928605245948329,"pre":0.9936425631219703,"delta":0,"baselineSource":"canary"}
{"id":"08836","ssim":0.9984223986877675,"sizeScore":0.9994631573794402,"combined":0.9978864029908304,"pre":0.9984223986877675,"delta":0,"baselineSource":"canary"}
{"id":"08934","ssim":0.9855140614688732,"sizeScore":0.9956672289439665,"combined":0.9812440546680269,"pre":0.8857314466458207,"delta":0.0997826148230525,"baselineSource":"canary"}
{"id":"09082","ssim":0.9882428947595278,"sizeScore":0.9890860570883862,"combined":0.9774572682233142,"pre":0.9835442092712061,"delta":0.004698685488321641,"baselineSource":"canary"}
{"id":"09159","ssim":0.8124666680278435,"sizeScore":0.022448236732142992,"combined":0.018238444100864462,"pre":0.8189044531169353,"delta":-0.006437785089091763,"baselineSource":"canary"}
{"id":"09181","ssim":0.9838686228170475,"sizeScore":0.9894007039275123,"combined":0.9734403079873789,"pre":0.9838686228170475,"delta":0,"baselineSource":"canary"}
{"id":"09203","ssim":0.9329968819649961,"sizeScore":0.998601242325236,"combined":0.9316918454158166,"pre":0.8727179705030871,"delta":0.060278911461909,"baselineSource":"canary"}
{"id":"09210","ssim":0.9368063213411099,"sizeScore":0.9957224806571746,"combined":0.9327991141810922,"pre":0.9368063213411099,"delta":0,"baselineSource":"canary"}
{"id":"09211","ssim":0.9385993176755095,"sizeScore":0.9957224806571746,"combined":0.9345844409389898,"pre":0.9385993176755095,"delta":0,"baselineSource":"canary"}
{"id":"09213","ssim":0.9743842559281294,"sizeScore":0.9957224806571746,"combined":0.9702163084260523,"pre":0.9743842559281294,"delta":0,"baselineSource":"canary"}
{"id":"09214","ssim":0.8858493560068268,"sizeScore":0.9957224806571746,"combined":0.8820601182516782,"pre":0.8858493560068268,"delta":0,"baselineSource":"canary"}
{"id":"09552","ssim":0.896678427826748,"sizeScore":0.9480849980401007,"combined":0.8501273654887229,"pre":0.896678427826748,"delta":0,"baselineSource":"canary"}
{"id":"09623","ssim":0.9822203576414015,"sizeScore":0.9750341852114617,"combined":0.9576984261109944,"pre":0.9701398000277336,"delta":0.012080557613667886,"baselineSource":"canary"}
{"id":"10009","ssim":0.9935464207657614,"sizeScore":0.988723518669115,"combined":0.9823427131006287,"pre":0.9935464207657614,"delta":0,"baselineSource":"canary"}
{"id":"10198","ssim":0.8812565050774392,"sizeScore":0.4218981539540986,"combined":0.3718004926522123,"pre":0.8812565050774392,"delta":0,"baselineSource":"canary"}
{"id":"10688","ssim":0.9755367239040048,"sizeScore":0.8552866102469225,"combined":0.8343634977592442,"pre":0.877659185158716,"delta":0.09787753874528882,"baselineSource":"canary"}
{"id":"10728","ssim":0.8074464802349169,"sizeScore":0.00010190551511629666,"combined":0.00008228324949717986,"pre":0.8042959065307638,"delta":0.00315057370415317,"baselineSource":"canary"}
{"id":"11108","ssim":0.8649802656281145,"sizeScore":0.3019293110801913,"combined":0.2611628956990575,"pre":0.8649802656281145,"delta":0,"baselineSource":"canary"}
{"id":"11290","ssim":0.8754755407374533,"sizeScore":0.6752220563558817,"combined":0.5911403949060207,"pre":0.8754755407374533,"delta":0,"baselineSource":"canary"}
{"id":"11789","ssim":0.9890534221861682,"sizeScore":0.9479259446886056,"combined":0.9375493995733217,"pre":0.9890534221861682,"delta":0,"baselineSource":"canary"}
{"id":"11800","ssim":0.891573988142689,"sizeScore":0.998601242325236,"combined":0.8903268921841544,"pre":0.891573988142689,"delta":0,"baselineSource":"canary"}
{"id":"12052","ssim":0.9899842309689947,"sizeScore":0.9785323920732278,"combined":0.9687316376448653,"pre":0.9899842309689947,"delta":0,"baselineSource":"canary"}
{"id":"12066","ssim":0.8997768304855972,"sizeScore":0.9900508439015391,"combined":0.8908248103453176,"pre":0.8997768304855972,"delta":0,"baselineSource":"canary"}
{"id":"12135","ssim":0.9962493330925851,"sizeScore":0.9994501098544194,"combined":0.9957015054017763,"pre":0.9962493330925851,"delta":0,"baselineSource":"canary"}
{"id":"12346","ssim":0.9848254069661111,"sizeScore":0.9986445826034864,"combined":0.9834905574769807,"pre":0.9881250911734033,"delta":-0.0032996842072922083,"baselineSource":"canary"}
{"id":"12377","ssim":0.9966363963625211,"sizeScore":0.9982300263041144,"combined":0.9948723761565972,"pre":0.9896756293613599,"delta":0.006960767001161217,"baselineSource":"canary"}
{"id":"12424","ssim":0.9850864889372196,"sizeScore":1,"combined":0.9850864889372196,"pre":0.9860361050202618,"delta":-0.0009496160830422262,"baselineSource":"canary"}
{"id":"12425","ssim":0.9712396520496382,"sizeScore":0.9995942414805815,"combined":0.970845563286422,"pre":0.9212426848305669,"delta":0.04999696721907132,"baselineSource":"canary"}
{"id":"12428","ssim":0.991200044315691,"sizeScore":0.9998539079622759,"combined":0.9910552378814247,"pre":0.9908049237811366,"delta":0.0003951205345543718,"baselineSource":"canary"}
{"id":"12439","ssim":0.9249175346839447,"sizeScore":0.9996501270074672,"combined":0.9245939310182387,"pre":0.8000190533180173,"delta":0.1248984813659274,"baselineSource":"canary"}
{"id":"12451","ssim":0.992429875592029,"sizeScore":0.998601242325236,"combined":0.9910417066868795,"pre":0.992429875592029,"delta":0,"baselineSource":"canary"}
{"id":"12452","ssim":0.9947322804719959,"sizeScore":0.9508580166528532,"combined":0.9458491633101718,"pre":0.9838162545287172,"delta":0.010916025943278673,"baselineSource":"canary"}
{"id":"12512","ssim":0.988653875790709,"sizeScore":0.9978153011088171,"combined":0.9864939647645053,"pre":0.988653875790709,"delta":0,"baselineSource":"canary"}
{"id":"12710","ssim":0.8574508852437421,"sizeScore":0.9995545657089256,"combined":0.8570689472165425,"pre":0.8567003127017426,"delta":0.0007505725419995057,"baselineSource":"ssim-results"}
{"id":"12712","ssim":0.9669715350854947,"sizeScore":0.9993846154040418,"combined":0.9663764756980731,"pre":0.9670285698847347,"delta":-0.00005703479924001886,"baselineSource":"ssim-results"}
{"id":"12713","ssim":0.528300549639732,"sizeScore":0.9456490135726974,"combined":0.4995868936367265,"pre":0.546399716358359,"delta":-0.01809916671862699,"baselineSource":"ssim-results"}
{"id":"12714","err":"rasterize: Input image exceeds pixel limit"}
{"id":"12715","ssim":0.9615769849713278,"sizeScore":0.9950618603843611,"combined":0.9568285835683542,"pre":0.9602750076236353,"delta":0.0013019773476925511,"baselineSource":"ssim-results"}
{"id":"12718","ssim":0.88082993915886,"sizeScore":0.4954286351138359,"combined":0.4363883745248771,"pre":0.88082993915886,"delta":0,"baselineSource":"ssim-results"}
{"id":"12719","ssim":0.9042286790946599,"sizeScore":0.6155826814273144,"combined":0.5566275149005694,"pre":0.8918011050155603,"delta":0.012427574079099557,"baselineSource":"ssim-results"}
{"id":"12721","ssim":0.9574625920674262,"sizeScore":0.960057462464224,"combined":0.9192191065446716,"pre":0.9567333740338733,"delta":0.0007292180335529697,"baselineSource":"ssim-results"}
{"id":"12725","ssim":0.8628580814029777,"sizeScore":0.7810225168415308,"combined":0.6739115904144081,"pre":0.8652978607774684,"delta":-0.0024397793744906915,"baselineSource":"ssim-results"}
{"id":"12726","ssim":0.8607424641426723,"sizeScore":0.998511136684105,"combined":0.8594609362633772,"pre":0.8607424641426723,"delta":0,"baselineSource":"ssim-results"}
{"id":"12727","ssim":0.8862126698005247,"sizeScore":0.0000010789432016681975,"combined":9.561731353134993e-7,"pre":0.8862126698005247,"delta":0,"baselineSource":"ssim-results"}
{"id":"12728","ssim":0.629867017446581,"sizeScore":0.1728700595148146,"combined":0.10888514879240922,"pre":0.6050483357053392,"delta":0.0248186817412418,"baselineSource":"ssim-results"}
{"id":"12729","ssim":0.9530264371730965,"sizeScore":0.7099481703250081,"combined":0.6765993753424012,"pre":0.9494011609401071,"delta":0.0036252762329894717,"baselineSource":"ssim-results"}
{"id":"12731","ssim":0.907823388232726,"sizeScore":0.06972626994696211,"combined":0.06329913863208084,"pre":0.907823388232726,"delta":0,"baselineSource":"ssim-results"}
{"id":"12732","ssim":0.9023350933357465,"sizeScore":0.99912687495522,"combined":0.9015472419669711,"pre":0.9027348165860261,"delta":-0.0003997232502795933,"baselineSource":"ssim-results"}
{"id":"12733","ssim":0.9742121048526483,"sizeScore":0.3633816296200537,"combined":0.354010782256938,"pre":0.9449052601914953,"delta":0.029306844661152964,"baselineSource":"ssim-results"}
{"id":"12734","ssim":0.9381687613046168,"sizeScore":0.9968367751612436,"combined":0.9352011225759127,"pre":0.9381861260905558,"delta":-0.00001736478593905577,"baselineSource":"ssim-results"}
{"id":"12735","ssim":0.9218825529059891,"sizeScore":0.9969017498724972,"combined":0.9190263301689056,"pre":0.9293574350409454,"delta":-0.007474882134956284,"baselineSource":"ssim-results"}
{"id":"12736","ssim":0.8878963022321597,"sizeScore":0.9969017498724972,"combined":0.8851453774005597,"pre":0.8980685676479647,"delta":-0.01017226541580507,"baselineSource":"ssim-results"}
{"id":"12737","ssim":0.41738860852185194,"sizeScore":0.9938969806417703,"combined":0.41484127776413854,"pre":0.43613118904505466,"delta":-0.018742580523202712,"baselineSource":"ssim-results"}
{"id":"12738","ssim":0.8980521913765833,"sizeScore":2.4437889442783313e-303,"combined":2.1946500166710224e-303,"pre":0.8980521913765833,"delta":0,"baselineSource":"ssim-results"}
{"id":"12739","ssim":0.961186712005352,"sizeScore":0.006470493815392956,"combined":0.006219352675468521,"pre":0.961186712005352,"delta":0,"baselineSource":"ssim-results"}
{"id":"12740","ssim":0.9205328067970511,"sizeScore":0.9860922617040777,"combined":0.9077302774273069,"pre":0.9205328067970511,"delta":0,"baselineSource":"ssim-results"}
{"id":"12741","ssim":0.9491962342320711,"sizeScore":0.9976270398940945,"combined":0.9469438294355627,"pre":0.9484328143250841,"delta":0.0007634199069870284,"baselineSource":"ssim-results"}
{"id":"12742","ssim":0.8805346839735927,"sizeScore":0.9963455968366163,"combined":0.8773168552390105,"pre":0.8780060195736509,"delta":0.0025286643999418157,"baselineSource":"ssim-results"}
{"id":"12743","ssim":0.9464717615066423,"sizeScore":0.915318745323086,"combined":0.8663233452259909,"pre":0.9494584478303512,"delta":-0.002986686323708909,"baselineSource":"ssim-results"}
{"id":"12745","ssim":0.8359885183884361,"sizeScore":1.311539931270222e-30,"combined":1.0964323239498642e-30,"pre":0.8359885183884361,"delta":0,"baselineSource":"ssim-results"}
{"id":"12747","ssim":0.9649800665874589,"sizeScore":0.9993846154040418,"combined":0.9643862327190743,"pre":0.9649800665874589,"delta":0,"baselineSource":"ssim-results"}
{"id":"12748","ssim":0.9387035897749697,"sizeScore":0.9996473341140296,"combined":0.9383725410418181,"pre":0.9387035897749697,"delta":0,"baselineSource":"ssim-results"}
{"id":"12749","ssim":0.7909275924579946,"sizeScore":0.997735226144375,"combined":0.7891363203249033,"pre":0.7909275924579946,"delta":0,"baselineSource":"ssim-results"}
{"id":"12750","ssim":0.8259020383580978,"sizeScore":0.9972985603591951,"combined":0.8236709138522557,"pre":0.8259020383580978,"delta":0,"baselineSource":"ssim-results"}
{"id":"12751","ssim":0.9657117990227657,"sizeScore":0.9921428645153815,"combined":0.9581240705787492,"pre":0.9657117990227657,"delta":0,"baselineSource":"ssim-results"}
{"id":"12752","ssim":0.8073077244165846,"sizeScore":0.997735226144375,"combined":0.8054793549888818,"pre":0.8073077244165846,"delta":0,"baselineSource":"ssim-results"}
{"id":"12753","ssim":0.8511391852399361,"sizeScore":0.9996473341140296,"combined":0.8508390174850894,"pre":0.8511391852399361,"delta":0,"baselineSource":"ssim-results"}
{"id":"12754","ssim":0.5417599438366466,"sizeScore":0.9912567897240042,"combined":0.5370232227285712,"pre":0.5417599438366466,"delta":0,"baselineSource":"ssim-results"}
{"id":"12756","ssim":0.8654168244727787,"sizeScore":0.9830253744169114,"combined":0.8507266979040478,"pre":0.8654168244727787,"delta":0,"baselineSource":"ssim-results"}
{"id":"12757","ssim":0.7593685756640294,"sizeScore":0.9874070100885752,"combined":0.7498058548516393,"pre":0.7620567744017267,"delta":-0.0026881987376973226,"baselineSource":"ssim-results"}
{"id":"12758","ssim":0.5487192437860285,"sizeScore":0.9975578794998629,"combined":0.5473792052719589,"pre":0.5487192437860285,"delta":0,"baselineSource":"ssim-results"}
{"id":"12759","ssim":0.6703594617436662,"sizeScore":0.9930628698973194,"combined":0.6657090909419875,"pre":0.6703594617436662,"delta":0,"baselineSource":"ssim-results"}
{"id":"12760","ssim":0.5123015504909951,"sizeScore":0.0023547644400620177,"combined":0.0012063494736848316,"pre":0.5123015504909951,"delta":0,"baselineSource":"ssim-results"}
{"id":"12761","ssim":0.4844262198764866,"sizeScore":0.9998453052864589,"combined":0.484351281701171,"pre":0.4844262198764866,"delta":0,"baselineSource":"ssim-results"}
{"id":"12763","ssim":0.8958864838277454,"sizeScore":0.6596439599886157,"combined":0.5909661078924109,"pre":0.8958864838277454,"delta":0,"baselineSource":"ssim-results"}
{"id":"12764","ssim":0.7590158212662727,"sizeScore":0.5536450633432567,"combined":0.4202253624434995,"pre":0.7590158212662727,"delta":0,"baselineSource":"ssim-results"}
{"id":"12766","ssim":0.479592739756261,"sizeScore":0.0633022428241799,"combined":0.03035929606876455,"pre":0.479592739756261,"delta":0,"baselineSource":"ssim-results"}
{"id":"12768","ssim":0.8574440889197665,"sizeScore":0.8974780851949937,"combined":0.769537279085478,"pre":0.8574440889197665,"delta":0,"baselineSource":"ssim-results"}
{"id":"12769","ssim":0.8747876246167512,"sizeScore":0.0029242200712613934,"combined":0.0025580715299953812,"pre":0.8747876246167512,"delta":0,"baselineSource":"ssim-results"}
{"id":"12770","ssim":0.7451851738146689,"sizeScore":0.9756109800648458,"combined":0.7270108377551215,"pre":0.7451851738146689,"delta":0,"baselineSource":"ssim-results"}
{"id":"12771","ssim":0.8473714159996597,"sizeScore":0.9753954419983605,"combined":0.8265222168457647,"pre":0.8473714159996597,"delta":0,"baselineSource":"ssim-results"}
{"id":"12772","ssim":0.5415849229885997,"sizeScore":0.9912567897240042,"combined":0.5368497321246014,"pre":0.5415849229885997,"delta":0,"baselineSource":"ssim-results"}
{"id":"12773","ssim":0.9057127634810972,"sizeScore":0.9962264195807676,"combined":0.902294983531376,"pre":0.9057127634810972,"delta":0,"baselineSource":"ssim-results"}
{"id":"12774","ssim":0.6001358575549638,"sizeScore":0.9993973652992523,"combined":0.5997741948620382,"pre":0.6003039431433999,"delta":-0.00016808558843606214,"baselineSource":"ssim-results"}
{"id":"12776","ssim":0.654387506769834,"sizeScore":0.998601242325236,"combined":0.65347217722247,"pre":0.654387506769834,"delta":0,"baselineSource":"ssim-results"}
{"id":"12777","ssim":0.46840088366478816,"sizeScore":0.982521369197994,"combined":0.460213877551878,"pre":0.46840088366478816,"delta":0,"baselineSource":"ssim-results"}
{"id":"12778","ssim":0.48264170675365103,"sizeScore":0.14878410843991402,"combined":0.07180941603526039,"pre":0.48264170675365103,"delta":0,"baselineSource":"ssim-results"}
{"id":"12779","ssim":0.5985252904624269,"sizeScore":0.8958219169970254,"combined":0.5361720730732527,"pre":0.5985252904624269,"delta":0,"baselineSource":"ssim-results"}
