probed 30/510
probed 60/510
probed 90/510
probed 120/510
probed 150/510
probed 180/510
probed 210/510
probed 240/510
probed 270/510
probed 300/510
probed 330/510
probed 360/510
probed 390/510
probed 420/510
probed 450/510
probed 480/510
probed 510/510

=== LIVE fails (dev>0.15): 391 of 510 probed ===
12955	44.943	44.351	BIG
07163	11.116	11.116	BIG
12738	0.996	7.822	BIG
11003	7.790	7.761	BIG
10516	4.927	4.329	BIG
12876	4.560	1.016	BIG
10509	4.154	4.232	BIG
10508	4.154	4.232	BIG
10507	4.154	4.232	BIG
10505	4.154	4.232	BIG
06969	3.972	3.985	BIG
10955	3.162	3.390	BIG
11916	3.162	3.390	BIG
10765	2.896	2.999	BIG
12745	2.759	1.484	BIG
12939	2.759	1.484	BIG
12971	2.732	0.596	BIG
12994	2.732	0.596	BIG
06945	1.000	2.654	BIG
06928	1.000	2.654	BIG
08196	2.421	2.434	BIG
09764	2.345	2.357	BIG
00430	1.062	2.351	BIG
12659	1.911	2.344	BIG
11370	2.261	1.730	BIG
12008	2.261	1.730	BIG
12727	1.783	2.156	BIG
07645	2.103	2.103	BIG
02158	1.682	2.098	BIG
12905	1.454	2.053	BIG
04021	2.044	1.882	BIG
08237	1.965	1.988	BIG
11025	1.972	1.663	BIG
12985	1.887	0.819	BIG
12862	0.135	0.164	small
12984	1.003	0.159	BIG
05150	1.804	1.669	BIG
05149	1.804	1.719	BIG
05147	1.804	1.719	BIG
03724	0.285	0.225	small
12866	0.469	0.247	small
10709	1.700	1.730	BIG
10718	1.644	1.730	BIG
10715	1.644	1.730	BIG
10706	1.644	1.730	BIG
10728	1.644	1.730	BIG
03739	0.305	0.305	small
03723	0.369	0.307	small
06065	0.352	0.311	small
10518	1.550	1.685	BIG
07720	1.679	1.679	BIG
07725	1.679	1.679	BIG
07723	1.679	1.679	BIG
07721	1.679	1.679	BIG
07719	1.679	1.679	BIG
12983	1.025	0.322	BIG
07649	1.672	1.656	BIG
12869	0.338	0.984	small
04086	1.658	0.983	BIG
06044	0.367	0.415	small
02445	1.628	1.631	BIG
02446	1.628	1.631	BIG
12948	1.624	0.806	BIG
12995	1.624	0.806	BIG
00021	1.616	1.595	BIG
02626	0.435	0.388	small
08316	1.579	1.594	BIG
02624	0.485	0.408	small
12950	0.999	0.409	small
01876	1.585	1.588	BIG
12972	0.548	0.416	small
00333	0.768	0.417	small
03738	0.428	0.430	small
03737	0.428	0.428	small
01835	0.428	0.449	small
03786	0.428	0.474	small
00091	0.989	0.433	small
07705	1.559	1.559	BIG
07702	1.559	1.559	BIG
07701	1.559	1.559	BIG
07699	1.559	1.559	BIG
07703	1.559	1.529	BIG
07704	1.559	1.529	BIG
08812	1.038	1.539	BIG
02191	0.820	0.467	small
04087	1.533	0.976	BIG
11576	1.511	1.508	BIG
04633	1.501	1.003	BIG
12288	0.512	0.510	small
05189	0.530	0.518	small
00244	0.573	0.519	small
12739	1.003	1.476	BIG
00026	1.466	1.454	BIG
07815	0.992	1.459	BIG
07814	0.992	1.459	BIG
07813	0.992	1.459	BIG
12906	1.004	1.452	BIG
10711	1.407	1.449	BIG
10714	1.407	1.449	BIG
10710	1.410	1.449	BIG
06595	0.555	0.552	small
09115	0.555	0.552	small
07183	0.555	0.566	small
05820	1.302	1.440	BIG
06925	0.564	1.118	BIG
02157	1.414	1.432	BIG
12880	1.004	1.427	BIG
00210	0.747	0.576	small
05918	1.088	1.418	BIG
09159	0.583	0.583	small
03768	0.592	0.586	small
00041	1.401	0.980	BIG
08032	1.331	1.399	BIG
03779	0.608	0.605	small
00233	1.393	1.378	BIG
08989	1.077	0.610	BIG
04496	1.188	1.388	BIG
07724	1.361	1.385	BIG
04089	1.384	0.976	BIG
01700	1.100	1.381	BIG
01692	1.045	1.381	BIG
01813	1.100	1.381	BIG
01822	1.100	1.381	BIG
06432	1.370	1.375	BIG
03258	0.958	0.625	small
10795	1.298	1.371	BIG
07175	0.675	0.629	small
04501	0.635	0.632	small
12891	0.633	0.997	small
04452	0.633	0.769	small
04634	1.363	1.043	BIG
04636	1.363	1.043	BIG
12731	0.643	0.985	small
07694	1.354	1.354	BIG
07695	1.354	1.354	BIG
10806	1.298	1.344	BIG
10828	1.298	1.342	BIG
00444	1.062	1.340	BIG
03495	1.001	1.337	BIG
08911	0.703	0.665	small
06228	1.005	1.333	BIG
10492	1.333	1.333	BIG
11891	0.997	0.674	small
00247	0.975	0.674	small
03494	1.001	1.324	BIG
07780	0.996	1.323	BIG
10839	1.298	1.316	BIG
09485	1.014	0.685	BIG
09484	1.014	0.685	BIG
07663	0.685	0.700	small
12275	1.281	1.315	BIG
03503	1.035	1.313	BIG
02420	1.002	1.312	BIG
02419	1.011	1.312	BIG
03504	0.983	1.305	BIG
12276	1.281	1.303	BIG
07788	1.000	1.303	BIG
07789	1.000	1.303	BIG
07693	1.302	1.302	BIG
04571	1.298	0.999	BIG
06270	1.294	0.998	BIG
03721	0.709	0.757	small
03705	0.710	0.714	small
03702	0.710	0.714	small
03701	0.710	0.714	small
03706	0.710	0.714	small
03703	0.710	0.714	small
03704	0.710	0.714	small
03700	0.710	0.714	small
04516	1.026	1.284	BIG
06927	1.063	1.278	BIG
00418	0.995	1.277	BIG
12708	0.871	0.726	small
12013	1.054	1.274	BIG
10624	0.950	1.274	BIG
10623	0.950	1.274	BIG
09808	0.962	1.274	BIG
09757	0.962	1.274	BIG
10625	0.974	1.274	BIG
02944	0.921	1.274	BIG
02943	0.921	1.274	BIG
02945	0.957	1.274	BIG
02946	0.975	1.274	BIG
03423	1.273	1.005	BIG
00248	1.268	0.937	BIG
11440	1.006	1.267	BIG
03938	1.266	0.997	BIG
05915	0.998	1.264	BIG
09758	0.956	1.264	BIG
12728	1.225	1.263	BIG
07632	0.927	1.262	BIG
05561	0.976	1.261	BIG
05565	0.976	1.261	BIG
05522	0.993	1.261	BIG
07677	1.261	1.261	BIG
07729	0.742	0.742	small
05897	0.995	1.257	BIG
01228	0.955	1.257	BIG
07735	1.110	1.255	BIG
04980	1.254	0.996	BIG
04977	1.254	0.996	BIG
00131	1.254	1.212	BIG
08275	1.000	1.254	BIG
08276	1.000	1.254	BIG
12644	1.252	0.962	BIG
00111	0.997	1.248	BIG
03932	1.247	0.997	BIG
00014	1.221	1.246	BIG
00445	1.062	1.245	BIG
04059	0.792	0.755	small
01227	0.989	1.240	BIG
04751	1.239	1.238	BIG
04752	1.239	1.238	BIG
04753	1.239	1.238	BIG
04750	1.239	1.238	BIG
03370	1.234	1.238	BIG
04048	1.234	1.238	BIG
06229	1.234	1.238	BIG
10491	1.234	1.238	BIG
12127	1.234	1.238	BIG
12273	1.212	1.238	BIG
12289	1.212	1.238	BIG
10359	0.763	0.821	small
08075	1.235	1.028	BIG
00415	0.832	0.765	small
07718	0.766	0.766	small
05409	1.000	1.233	BIG
07797	0.978	1.229	BIG
07800	0.978	1.229	BIG
07799	0.981	1.229	BIG
07796	0.978	1.229	BIG
07795	0.989	1.229	BIG
02719	0.840	0.771	small
06120	1.228	1.000	BIG
06237	1.228	0.996	BIG
06281	1.225	0.998	BIG
06303	1.225	0.998	BIG
05914	0.994	1.224	BIG
05913	0.994	1.224	BIG
03936	1.222	0.997	BIG
00572	1.060	1.221	BIG
00565	1.060	1.221	BIG
00571	1.060	1.221	BIG
11517	1.005	1.221	BIG
07423	1.221	1.221	BIG
07424	1.221	1.221	BIG
01202	1.008	1.217	BIG
00084	1.001	0.786	BIG
00019	1.173	1.212	BIG
09746	0.973	1.212	BIG
09738	0.975	1.212	BIG
09736	0.975	1.212	BIG
09745	0.972	1.212	BIG
11711	0.972	1.212	BIG
09742	0.972	1.212	BIG
02569	1.212	1.024	BIG
03005	1.004	0.789	BIG
08624	0.994	0.792	small
05741	0.994	0.792	small
09226	0.984	1.206	BIG
05898	0.995	1.206	BIG
06177	0.795	0.809	small
02708	1.204	1.017	BIG
03238	1.204	1.017	BIG
02705	1.204	1.017	BIG
03243	1.204	1.017	BIG
02215	1.004	0.797	BIG
02217	1.004	0.797	BIG
08990	1.202	1.013	BIG
06236	1.199	0.996	BIG
12898	1.197	0.947	BIG
11510	1.075	1.197	BIG
12015	1.075	1.197	BIG
00130	1.197	1.170	BIG
06353	0.998	1.197	BIG
07710	0.804	0.804	small
07691	0.805	0.805	small
02172	1.004	0.806	BIG
09380	1.001	0.807	BIG
00325	0.807	1.048	BIG
01129	1.024	1.192	BIG
01130	0.987	1.192	BIG
05549	0.809	0.924	small
02665	1.002	0.810	BIG
02888	1.002	0.810	BIG
03235	1.002	0.810	BIG
06354	1.000	1.189	BIG
06203	1.189	0.997	BIG
01558	1.006	1.188	BIG
01739	1.056	1.188	BIG
08667	1.108	1.186	BIG
02608	1.186	1.024	BIG
12718	0.816	1.164	BIG
06810	1.184	1.031	BIG
02204	1.005	0.817	BIG
02206	1.005	0.817	BIG
03358	1.008	1.183	BIG
12696	1.016	1.182	BIG
05921	1.182	1.000	BIG
11485	1.125	1.181	BIG
08666	1.108	1.181	BIG
02755	1.180	1.020	BIG
07633	1.007	1.180	BIG
01716	1.045	1.180	BIG
01805	1.045	1.180	BIG
02222	1.004	0.821	BIG
02223	1.004	0.821	BIG
02185	1.004	0.822	BIG
02828	1.004	0.822	BIG
00211	0.822	0.957	small
00222	0.822	0.966	small
03502	0.984	1.177	BIG
01265	1.176	1.013	BIG
06420	1.176	1.002	BIG
07164	1.010	1.176	BIG
07790	1.000	1.176	BIG
07787	1.000	1.176	BIG
12895	0.997	1.175	BIG
07158	1.086	1.175	BIG
05005	0.902	0.826	small
00142	0.883	0.826	small
05873	1.083	1.174	BIG
01536	1.167	1.174	BIG
06264	1.174	0.987	BIG
02199	0.999	0.827	small
02669	1.002	0.827	BIG
03245	1.002	0.827	BIG
02674	1.002	0.827	BIG
03251	1.002	0.827	BIG
00653	1.170	1.173	BIG
00652	1.170	1.173	BIG
00651	1.170	1.173	BIG
00650	1.170	1.173	BIG
00654	1.170	1.173	BIG
03004	1.005	0.829	BIG
03003	1.005	0.829	BIG
07664	0.829	0.898	small
02641	1.004	0.831	BIG
05900	0.995	1.169	BIG
05899	0.995	1.169	BIG
05902	0.995	1.169	BIG
05901	0.995	1.169	BIG
08600	1.169	1.017	BIG
02687	1.004	0.833	BIG
03257	1.004	0.833	BIG
07765	1.167	1.032	BIG
07767	1.167	1.032	BIG
07764	1.167	0.963	BIG
07692	0.834	0.834	small
00073	1.000	1.166	BIG
06185	0.997	1.166	BIG
07754	1.061	1.165	BIG
07791	1.001	1.164	BIG
07406	0.977	1.163	BIG
02830	1.004	0.838	BIG
02165	1.004	0.838	BIG
01535	1.161	1.041	BIG
05342	1.021	1.160	BIG
08072	1.003	1.160	BIG
02714	1.067	1.159	BIG
05739	1.061	1.159	BIG
04505	1.026	1.158	BIG
00173	1.010	0.843	BIG
12987	1.010	0.843	BIG
02566	1.010	0.843	BIG
02567	1.010	0.843	BIG
06327	1.156	0.996	BIG
12486	0.999	1.155	BIG
00162	1.011	0.845	BIG
07976	1.007	0.846	BIG
05461	0.991	1.154	BIG
05920	1.154	1.000	BIG
12713	0.950	0.847	small
02913	1.144	1.153	BIG
02912	1.144	1.153	BIG
02906	1.144	1.153	BIG
06176	0.850	0.848	small
00082	0.981	1.152	BIG
00467	0.994	0.849	small
03338	1.151	1.024	BIG
02707	1.151	1.017	BIG
03237	1.151	1.017	BIG
02706	1.151	1.017	BIG
02710	1.151	1.017	BIG
03236	1.151	1.017	BIG
03239	1.151	1.017	BIG
03241	1.151	1.017	BIG
02582	1.082	0.849	BIG
12132	1.088	1.151	BIG
07794	1.003	1.151	BIG
07792	1.001	1.151	BIG
