08819	1.002	0.970
12738	0.996	7.822
07163	11.116	11.116
08859	0.997	1.000
08820	1.002	0.970
08817	1.002	0.970
08818	0.999	0.970
08816	1.002	0.970
08856	0.959	0.955
09103	1.002	1.001
09107	1.001	1.010
09108	1.001	1.010
09105	1.001	1.001
12876	4.560	1.016
09109	1.001	1.001
09104	1.009	1.001
12745	2.759	1.484
12939	2.759	1.484
09097	1.001	1.001
09096	1.001	1.001
09102	1.001	1.000
09101	1.001	1.001
09099	1.001	1.001
03891	0.996	1.001
00430	1.062	2.351
12727	1.783	2.156
09098	1.001	1.001
12905	1.454	2.053
11025	1.972	1.663
12923	0.972	1.007
08813	0.999	0.996
08825	0.999	0.970
08814	0.997	0.996
12862	0.135	0.164
12866	0.469	0.247
12869	0.338	0.984
08812	1.038	1.539
08830	0.993	0.996
08744	1.002	1.098
00091	0.989	0.433
11576	1.511	1.508
04633	1.501	1.003
09351	0.990	0.990
12739	1.003	1.476
08743	1.016	1.058
12906	1.004	1.452
05820	1.302	1.440
12880	1.004	1.427
05918	1.088	1.418
08874	0.990	1.009
04100	1.000	1.025
04099	1.000	1.025
08989	1.077	0.610
03898	1.001	1.028
04496	1.188	1.388
00752	1.020	1.027
12891	0.633	0.997
04452	0.633	0.769
04634	1.363	1.043
04636	1.363	1.043
03888	1.009	1.031
00444	1.062	1.340
03568	1.036	1.038
03567	1.036	1.038
08745	1.028	0.999
12731	0.643	0.985
08758	1.030	1.028
08911	0.703	0.665
03896	1.001	1.019
03910	1.001	1.019
03911	1.001	1.019
03895	1.001	1.019
11891	0.997	0.674
03494	1.001	1.324
06495	1.001	1.020
06496	1.001	1.020
09485	1.014	0.685
09484	1.014	0.685
03503	1.035	1.313
03504	0.983	1.305
06228	1.005	1.333
03899	1.016	1.010
03915	1.009	1.010
03897	1.009	1.010
03914	1.009	1.010
03916	1.009	1.010
12728	1.225	1.263
06497	1.009	1.020
00418	0.995	1.277
12708	0.871	0.726
09138	1.018	0.999
09144	1.018	0.999
09149	1.018	0.999
09151	1.018	0.999
09146	1.018	0.999
09150	1.018	0.999
09142	1.018	0.999
09145	1.018	0.999
09148	1.018	0.999
09147	1.018	0.999
09141	1.018	0.999
09143	1.018	0.999
09139	1.018	0.999
12978	1.001	1.018
12013	1.054	1.274
03900	1.106	0.864
03887	1.016	1.010
03906	1.001	1.010
03908	1.006	1.010
09140	1.018	0.999
11440	1.006	1.267
07632	0.927	1.262
08753	1.018	0.999
08741	1.002	0.999
07735	1.110	1.255
00445	1.062	1.245
05897	0.995	1.257
00111	0.997	1.248
06588	1.001	1.010
06587	1.001	1.010
12952	1.001	1.010
09226	0.984	1.206
03370	1.234	1.238
04048	1.234	1.238
06229	1.234	1.238
10491	1.234	1.238
12127	1.234	1.238
04751	1.239	1.238
04752	1.239	1.238
04753	1.239	1.238
04750	1.239	1.238
03387	0.995	1.001
06576	1.001	1.001
06581	1.001	1.001
06579	1.001	1.001
06589	1.001	1.001
03386	0.995	1.001
03385	0.995	1.001
06585	1.001	1.001
06578	1.001	1.001
06577	1.001	1.001
02719	0.840	0.771
00572	1.060	1.221
03384	0.995	0.992
00565	1.060	1.221
00571	1.060	1.221
11517	1.005	1.221
07423	1.221	1.221
07424	1.221	1.221
08635	0.999	1.150
00084	1.001	0.786
12733	0.995	0.997
03005	1.004	0.789
08624	0.994	0.792
11389	1.046	1.048
11455	1.046	1.048
02708	1.204	1.017
03238	1.204	1.017
02705	1.204	1.017
03243	1.204	1.017
08811	0.991	0.991
02215	1.004	0.797
02217	1.004	0.797
05898	0.995	1.206
05741	0.994	0.792
12898	1.197	0.947
11538	1.036	1.040
06582	1.001	1.000
11510	1.075	1.197
12015	1.075	1.197
09380	1.001	0.807
02172	1.004	0.806
00325	0.807	1.048
02665	1.002	0.810
02888	1.002	0.810
03235	1.002	0.810
12718	0.816	1.164
08667	1.108	1.186
02204	1.005	0.817
02206	1.005	0.817
11485	1.125	1.181
03358	1.008	1.183
08666	1.108	1.181
12696	1.016	1.182
02755	1.180	1.020
07633	1.007	1.180
02185	1.004	0.822
02828	1.004	0.822
02222	1.004	0.821
02223	1.004	0.821
12895	0.997	1.175
03502	0.984	1.177
07158	1.086	1.175
05873	1.083	1.174
05005	0.902	0.826
00142	0.883	0.826
02199	0.999	0.827
02669	1.002	0.827
03245	1.002	0.827
02674	1.002	0.827
03251	1.002	0.827
12486	0.999	1.155
03004	1.005	0.829
03003	1.005	0.829
02641	1.004	0.831
02687	1.004	0.833
03257	1.004	0.833
11401	1.060	1.119
07406	0.977	1.163
05900	0.995	1.169
05899	0.995	1.169
05902	0.995	1.169
05901	0.995	1.169
00073	1.000	1.166
02830	1.004	0.838
02165	1.004	0.838
05342	1.021	1.160
02714	1.067	1.159
00173	1.010	0.843
12987	1.010	0.843
02566	1.010	0.843
02567	1.010	0.843
05739	1.061	1.159
05961	1.015	1.103
07976	1.007	0.846
00162	1.011	0.845
12713	0.950	0.847
06216	0.998	1.010
06217	0.998	1.010
12719	0.996	0.982
02913	1.144	1.153
02912	1.144	1.153
02906	1.144	1.153
00467	0.994	0.849
03338	1.151	1.024
00082	0.981	1.152
02707	1.151	1.017
03237	1.151	1.017
02706	1.151	1.017
02710	1.151	1.017
03236	1.151	1.017
03239	1.151	1.017
03241	1.151	1.017
02582	1.082	0.849
12132	1.088	1.151
12955	44.943	44.351
08953	0.998	0.993
11003	7.790	7.761
10516	4.927	4.329
10509	4.154	4.232
10508	4.154	4.232
10507	4.154	4.232
10505	4.154	4.232
06969	3.972	3.985
10955	3.162	3.390
11916	3.162	3.390
10765	2.896	2.999
12971	2.732	0.596
12994	2.732	0.596
08196	2.421	2.434
09764	2.345	2.357
12659	1.911	2.344
11370	2.261	1.730
12008	2.261	1.730
07645	2.103	2.103
02158	1.682	2.098
08237	1.965	1.988
12985	1.887	0.819
08952	1.061	0.858
12984	1.003	0.159
05150	1.804	1.669
05149	1.804	1.719
05147	1.804	1.719
03724	0.285	0.225
10709	1.700	1.730
10718	1.644	1.730
10715	1.644	1.730
10706	1.644	1.730
10728	1.644	1.730
03418	1.004	1.066
03739	0.305	0.305
03429	1.012	1.052
03428	1.012	1.078
03723	0.369	0.307
06065	0.352	0.311
10518	1.550	1.685
07720	1.679	1.679
07725	1.679	1.679
07723	1.679	1.679
07721	1.679	1.679
07719	1.679	1.679
12983	1.025	0.322
07649	1.672	1.656
12972	0.548	0.416
04086	1.658	0.983
06044	0.367	0.415
12948	1.624	0.806
12995	1.624	0.806
00021	1.616	1.595
08316	1.579	1.594
12950	0.999	0.409
00333	0.768	0.417
03738	0.428	0.430
03737	0.428	0.428
01835	0.428	0.449
03786	0.428	0.474
07705	1.559	1.559
07702	1.559	1.559
07701	1.559	1.559
07699	1.559	1.559
07703	1.559	1.529
07704	1.559	1.529
08951	1.058	0.973
02191	0.820	0.467
04087	1.533	0.976
12288	0.512	0.510
00244	0.573	0.519
05189	0.530	0.518
00026	1.466	1.454
07815	0.992	1.459
07814	0.992	1.459
07813	0.992	1.459
10711	1.407	1.449
10714	1.407	1.449
10710	1.410	1.449
06595	0.555	0.552
09115	0.555	0.552
07183	0.555	0.566
02157	1.414	1.432
00210	0.747	0.576
03768	0.592	0.586
00041	1.401	0.980
08032	1.331	1.399
03779	0.608	0.605
06432	1.370	1.375
00233	1.393	1.378
07724	1.361	1.385
04089	1.384	0.976
10795	1.298	1.371
04501	0.635	0.632
07175	0.675	0.629
07694	1.354	1.354
07695	1.354	1.354
10806	1.298	1.344
10828	1.298	1.342
03495	1.001	1.337
00247	0.975	0.674
07780	0.996	1.323
07663	0.685	0.700
10839	1.298	1.316
12275	1.281	1.315
02420	1.002	1.312
02419	1.011	1.312
12276	1.281	1.303
07693	1.302	1.302
10492	1.333	1.333
07788	1.000	1.303
07789	1.000	1.303
04571	1.298	0.999
04516	1.026	1.284
06270	1.294	0.998
03721	0.709	0.757
03705	0.710	0.714
03702	0.710	0.714
03701	0.710	0.714
03706	0.710	0.714
03703	0.710	0.714
03704	0.710	0.714
03700	0.710	0.714
05561	0.976	1.261
05565	0.976	1.261
05522	0.993	1.261
10624	0.950	1.274
10623	0.950	1.274
09808	0.962	1.274
09757	0.962	1.274
10625	0.974	1.274
03423	1.273	1.005
00248	1.268	0.937
03938	1.266	0.997
05915	0.998	1.264
09758	0.956	1.264
07677	1.261	1.261
07729	0.742	0.742
01228	0.955	1.257
04980	1.254	0.996
04977	1.254	0.996
00131	1.254	1.212
12644	1.252	0.962
08275	1.000	1.254
08276	1.000	1.254
05409	1.000	1.233
03932	1.247	0.997
00014	1.221	1.246
04059	0.792	0.755
01227	0.989	1.240
12273	1.212	1.238
12289	1.212	1.238
10359	0.763	0.821
08075	1.235	1.028
00415	0.832	0.765
07718	0.766	0.766
07797	0.978	1.229
07800	0.978	1.229
07799	0.981	1.229
07796	0.978	1.229
07795	0.989	1.229
06120	1.228	1.000
06237	1.228	0.996
06281	1.225	0.998
06303	1.225	0.998
05914	0.994	1.224
05913	0.994	1.224
03936	1.222	0.997
01202	1.008	1.217
05017	1.026	1.115
05018	1.026	1.115
00019	1.173	1.212
09746	0.973	1.212
09738	0.975	1.212
09736	0.975	1.212
09745	0.972	1.212
11711	0.972	1.212
09742	0.972	1.212
06177	0.795	0.809
08990	1.202	1.013
04928	1.039	1.091
04927	1.013	1.091
06236	1.199	0.996
00130	1.197	1.170
07710	0.804	0.804
06353	0.998	1.197
07691	0.805	0.805
01129	1.024	1.192
06354	1.000	1.189
01130	0.987	1.192
06203	1.189	0.997
01558	1.006	1.188
06810	1.184	1.031
05921	1.182	1.000
00211	0.822	0.957
00222	0.822	0.966
01265	1.176	1.013
06420	1.176	1.002
07164	1.010	1.176
07790	1.000	1.176
07787	1.000	1.176
01536	1.167	1.174
06264	1.174	0.987
00653	1.170	1.173
00652	1.170	1.173
00651	1.170	1.173
00650	1.170	1.173
00654	1.170	1.173
07664	0.829	0.898
08600	1.169	1.017
05413	0.997	1.120
05411	0.997	1.120
04929	1.013	1.072
07791	1.001	1.164
07765	1.167	1.032
07767	1.167	1.032
07764	1.167	0.963
07692	0.834	0.834
06185	0.997	1.166
09488	0.964	1.122
07754	1.061	1.165
01535	1.161	1.041
04505	1.026	1.158
08072	1.003	1.160
05461	0.991	1.154
06327	1.156	0.996
07794	1.003	1.151
07792	1.001	1.151
05920	1.154	1.000
07917	0.969	1.150
07906	0.969	1.150
07905	0.969	1.150
06176	0.850	0.848
06945	1.000	2.654
06928	1.000	2.654
04021	2.044	1.882
02445	1.628	1.631
02446	1.628	1.631
02626	0.435	0.388
02624	0.485	0.408
01876	1.585	1.588
01700	1.100	1.381
01692	1.045	1.381
01813	1.100	1.381
01822	1.100	1.381
06925	0.564	1.118
09159	0.583	0.583
03258	0.958	0.625
06927	1.063	1.278
02944	0.921	1.274
02943	0.921	1.274
02945	0.957	1.274
02946	0.975	1.274
02569	1.212	1.024
01716	1.045	1.180
01805	1.045	1.180
01947	1.045	1.100
01739	1.056	1.188
05549	0.809	0.924
02608	1.186	1.024
02037	0.973	1.145
02036	0.939	1.149
02035	0.993	1.149
02034	0.993	1.130
