auto ids to render: 1531
rendered 30/1531
rendered 60/1531
rendered 90/1531
rendered 120/1531
rendered 150/1531
rendered 180/1531
rendered 210/1531
rendered 240/1531
rendered 270/1531
rendered 300/1531
rendered 330/1531
rendered 360/1531

<--- Last few GCs --->

[52320:0000022F37731000]    40329 ms: Scavenge (interleaved) 4042.8 (4120.6) -> 4042.4 (4142.3) MB, pooled: 0 MB, 98.52 / 0.00 ms  (average mu = 0.240, current mu = 0.192) allocation failure; 
[52320:0000022F37731000]    47662 ms: Mark-Compact 4057.8 (4143.8) -> 4055.3 (4157.6) MB, pooled: 0 MB, 6577.06 / 0.00 ms  (average mu = 0.184, current mu = 0.145) allocation failure; GC in old space requested


<--- JS stacktrace --->

FATAL ERROR: Reached heap limit Allocation failed - JavaScript heap out of memory
----- Native stack trace -----

 1: 00007FF6126120AD node::SetCppgcReference+17245
 2: 00007FF61257A4D8 v8::base::CPU::num_virtual_address_bits+92376
 3: 00007FF6130FA1B1 v8::Isolate::ReportExternalAllocationLimitReached+65
 4: 00007FF6130E7096 v8::Function::Experimental_IsNopFunction+2790
 5: 00007FF612F36920 v8::internal::StrongRootAllocatorBase::StrongRootAllocatorBase+31392
 6: 00007FF612F339BA v8::internal::StrongRootAllocatorBase::StrongRootAllocatorBase+19258
 7: 00007FF612F49251 v8::Isolate::GetHeapProfiler+7825
 8: 00007FF612F49ACA v8::Isolate::GetHeapProfiler+9994
 9: 00007FF612F5A567 v8::Isolate::GetHeapProfiler+78247
10: 00007FF612C233A8 v8::internal::Version::GetString+434568
11: 00007FF5B316D4BA 
worker partial at chunk 360 (25 lines)
rendered 390/1531
rendered 420/1531
rendered 450/1531
rendered 480/1531
rendered 510/1531
rendered 540/1531
rendered 570/1531
rendered 600/1531
rendered 630/1531
rendered 660/1531
rendered 690/1531
rendered 720/1531
rendered 750/1531
rendered 780/1531
rendered 810/1531
rendered 840/1531
rendered 870/1531
rendered 900/1531
rendered 930/1531
rendered 960/1531
rendered 990/1531
rendered 1020/1531
rendered 1050/1531
rendered 1080/1531
rendered 1110/1531
rendered 1140/1531
rendered 1170/1531
rendered 1200/1531
rendered 1230/1531
rendered 1260/1531
rendered 1290/1531
rendered 1320/1531
rendered 1350/1531
rendered 1380/1531
rendered 1410/1531
rendered 1440/1531
rendered 1470/1531
rendered 1500/1531
rendered 1530/1531
rendered 1531/1531
