<?xml version="1.0" encoding="UTF-8"?>
<svg xmlns="http://www.w3.org/2000/svg" width="472.4409" height="231.9244" viewBox="0 0 283.4646 139.1546" overflow="visible" data-intrinsic-w="472.4409" data-intrinsic-h="231.9244">
<path d="M126.1304 0.7418 L144.5921 0.4982 L143.1622 21.5522 L133.9313 21.6739 L126.1304 0.7418 Z" fill="#000000"/>
<path d="M126.1304 0.7418 L144.5921 0.4982 L143.1622 21.5522 L133.9313 21.6739 L126.1304 0.7418 Z" fill="none" stroke="#000000" stroke-width="0.5" stroke-linecap="round" stroke-linejoin="round"/>
<path d="M144.5921 0.4982 L163.0009 0.9713 L152.3666 21.7887 L143.1622 21.5522 L144.5921 0.4982 Z" fill="#000000"/>
<path d="M144.5921 0.4982 L163.0009 0.9713 L152.3666 21.7887 L143.1622 21.5522 L144.5921 0.4982 Z" fill="none" stroke="#000000" stroke-width="0.5" stroke-linecap="round" stroke-linejoin="round"/>
<path d="M107.9396 1.7124 L126.1304 0.7418 L133.9313 21.6739 L124.8359 22.1593 L107.9396 1.7124 Z" fill="#000000"/>
<path d="M107.9396 1.7124 L126.1304 0.7418 L133.9313 21.6739 L124.8359 22.1593 L107.9396 1.7124 Z" fill="none" stroke="#000000" stroke-width="0.5" stroke-linecap="round" stroke-linejoin="round"/>
<path d="M163.0009 0.9713 L181.0441 2.1553 L161.3882 22.3807 L152.3666 21.7887 L163.0009 0.9713 Z" fill="#000000"/>
<path d="M163.0009 0.9713 L181.0441 2.1553 L161.3882 22.3807 L152.3666 21.7887 L163.0009 0.9713 Z" fill="none" stroke="#000000" stroke-width="0.5" stroke-linecap="round" stroke-linejoin="round"/>
<path d="M90.3281 3.3787 L107.9396 1.7124 L124.8359 22.1593 L116.0302 22.9924 L90.3281 3.3787 Z" fill="#000000"/>
<path d="M90.3281 3.3787 L107.9396 1.7124 L124.8359 22.1593 L116.0302 22.9924 L90.3281 3.3787 Z" fill="none" stroke="#000000" stroke-width="0.5" stroke-linecap="round" stroke-linejoin="round"/>
<path d="M181.0441 2.1553 L198.4131 4.0321 L170.0727 23.3191 L161.3882 22.3807 L181.0441 2.1553 Z" fill="#000000"/>
<path d="M181.0441 2.1553 L198.4131 4.0321 L170.0727 23.3191 L161.3882 22.3807 L181.0441 2.1553 Z" fill="none" stroke="#000000" stroke-width="0.5" stroke-linecap="round" stroke-linejoin="round"/>
<path d="M73.5967 5.7147 L90.3281 3.3787 L116.0302 22.9924 L107.6645 24.1604 L73.5967 5.7147 Z" fill="#000000"/>
<path d="M73.5967 5.7147 L90.3281 3.3787 L116.0302 22.9924 L107.6645 24.1604 L73.5967 5.7147 Z" fill="none" stroke="#000000" stroke-width="0.5" stroke-linecap="round" stroke-linejoin="round"/>
<path d="M198.4131 4.0321 L214.8147 6.5685 L178.2735 24.5873 L170.0727 23.3191 L198.4131 4.0321 Z" fill="#000000"/>
<path d="M198.4131 4.0321 L214.8147 6.5685 L178.2735 24.5873 L170.0727 23.3191 L198.4131 4.0321 Z" fill="none" stroke="#000000" stroke-width="0.5" stroke-linecap="round" stroke-linejoin="round"/>
<path d="M58.0332 8.6825 L73.5967 5.7147 L107.6645 24.1604 L99.8827 25.6443 L58.0332 8.6825 Z" fill="#000000"/>
<path d="M58.0332 8.6825 L73.5967 5.7147 L107.6645 24.1604 L99.8827 25.6443 L58.0332 8.6825 Z" fill="none" stroke="#000000" stroke-width="0.5" stroke-linecap="round" stroke-linejoin="round"/>
<path d="M214.8147 6.5685 L229.9901 9.7144 L185.8612 26.1602 L178.2735 24.5873 L214.8147 6.5685 Z" fill="#000000"/>
<path d="M214.8147 6.5685 L229.9901 9.7144 L185.8612 26.1602 L178.2735 24.5873 L214.8147 6.5685 Z" fill="none" stroke="#000000" stroke-width="0.5" stroke-linecap="round" stroke-linejoin="round"/>
<path d="M43.8991 12.2304 L58.0332 8.6825 L99.8827 25.6443 L92.8157 27.4183 L43.8991 12.2304 Z" fill="#000000"/>
<path d="M43.8991 12.2304 L58.0332 8.6825 L99.8827 25.6443 L92.8157 27.4183 L43.8991 12.2304 Z" fill="none" stroke="#000000" stroke-width="0.5" stroke-linecap="round" stroke-linejoin="round"/>
<path d="M229.9901 9.7144 L243.6153 13.4379 L192.6738 28.022 L185.8612 26.1602 L229.9901 9.7144 Z" fill="#000000"/>
<path d="M229.9901 9.7144 L243.6153 13.4379 L192.6738 28.022 L185.8612 26.1602 L229.9901 9.7144 Z" fill="none" stroke="#000000" stroke-width="0.5" stroke-linecap="round" stroke-linejoin="round"/>
<path d="M31.4101 16.2927 L43.8991 12.2304 L92.8157 27.4183 L86.5712 29.4494 L31.4101 16.2927 Z" fill="#000000"/>
<path d="M31.4101 16.2927 L43.8991 12.2304 L92.8157 27.4183 L86.5712 29.4494 L31.4101 16.2927 Z" fill="none" stroke="#000000" stroke-width="0.5" stroke-linecap="round" stroke-linejoin="round"/>
<path d="M243.6153 13.4379 L255.5156 17.6518 L198.624 30.129 L192.6738 28.022 L243.6153 13.4379 Z" fill="#000000"/>
<path d="M243.6153 13.4379 L255.5156 17.6518 L198.624 30.129 L192.6738 28.022 L243.6153 13.4379 Z" fill="none" stroke="#000000" stroke-width="0.5" stroke-linecap="round" stroke-linejoin="round"/>
<path d="M20.8586 20.8171 L31.4101 16.2927 L86.5712 29.4494 L81.2954 31.7116 L20.8586 20.8171 Z" fill="#000000"/>
<path d="M20.8586 20.8171 L31.4101 16.2927 L86.5712 29.4494 L81.2954 31.7116 L20.8586 20.8171 Z" fill="none" stroke="#000000" stroke-width="0.5" stroke-linecap="round" stroke-linejoin="round"/>
<path d="M255.5156 17.6518 L265.4699 22.292 L203.6011 32.449 L198.624 30.129 L255.5156 17.6518 Z" fill="#000000"/>
<path d="M255.5156 17.6518 L265.4699 22.292 L203.6011 32.449 L198.624 30.129 L255.5156 17.6518 Z" fill="none" stroke="#000000" stroke-width="0.5" stroke-linecap="round" stroke-linejoin="round"/>
<path d="M12.3512 25.7071 L20.8586 20.8171 L81.2954 31.7116 L77.0417 34.1566 L12.3512 25.7071 Z" fill="#000000"/>
<path d="M12.3512 25.7071 L20.8586 20.8171 L81.2954 31.7116 L77.0417 34.1566 L12.3512 25.7071 Z" fill="none" stroke="#000000" stroke-width="0.5" stroke-linecap="round" stroke-linejoin="round"/>
<path d="M265.4699 22.292 L273.305 27.2803 L207.5186 34.9432 L203.6011 32.449 L265.4699 22.292 Z" fill="#000000"/>
<path d="M265.4699 22.292 L273.305 27.2803 L207.5186 34.9432 L203.6011 32.449 L265.4699 22.292 Z" fill="none" stroke="#000000" stroke-width="0.5" stroke-linecap="round" stroke-linejoin="round"/>
<path d="M6.056 30.8856 L12.3512 25.7071 L77.0417 34.1566 L73.8942 36.7458 L6.056 30.8856 Z" fill="#000000"/>
<path d="M6.056 30.8856 L12.3512 25.7071 L77.0417 34.1566 L73.8942 36.7458 L6.056 30.8856 Z" fill="none" stroke="#000000" stroke-width="0.5" stroke-linecap="round" stroke-linejoin="round"/>
<path d="M273.305 27.2803 L278.8938 32.5311 L210.3131 37.5686 L207.5186 34.9432 L273.305 27.2803 Z" fill="#000000"/>
<path d="M273.305 27.2803 L278.8938 32.5311 L210.3131 37.5686 L207.5186 34.9432 L273.305 27.2803 Z" fill="none" stroke="#000000" stroke-width="0.5" stroke-linecap="round" stroke-linejoin="round"/>
<path d="M2.0848 36.265 L6.056 30.8856 L73.8942 36.7458 L71.9086 39.4356 L2.0848 36.265 Z" fill="#000000"/>
<path d="M2.0848 36.265 L6.056 30.8856 L73.8942 36.7458 L71.9086 39.4356 L2.0848 36.265 Z" fill="none" stroke="#000000" stroke-width="0.5" stroke-linecap="round" stroke-linejoin="round"/>
<path d="M278.8938 32.5311 L282.1495 37.9545 L211.9409 40.2803 L210.3131 37.5686 L278.8938 32.5311 Z" fill="#000000"/>
<path d="M278.8938 32.5311 L282.1495 37.9545 L211.9409 40.2803 L210.3131 37.5686 L278.8938 32.5311 Z" fill="none" stroke="#000000" stroke-width="0.5" stroke-linecap="round" stroke-linejoin="round"/>
<path d="M0.4982 41.7535 L2.0848 36.265 L71.9086 39.4356 L71.1153 42.1798 L0.4982 41.7535 Z" fill="#000000"/>
<path d="M0.4982 41.7535 L2.0848 36.265 L71.9086 39.4356 L71.1153 42.1798 L0.4982 41.7535 Z" fill="none" stroke="#000000" stroke-width="0.5" stroke-linecap="round" stroke-linejoin="round"/>
<path d="M282.1495 37.9545 L282.9663 43.4587 L212.3493 43.0324 L211.9409 40.2803 L282.1495 37.9545 Z" fill="#000000"/>
<path d="M282.1495 37.9545 L282.9663 43.4587 L212.3493 43.0324 L211.9409 40.2803 L282.1495 37.9545 Z" fill="none" stroke="#000000" stroke-width="0.5" stroke-linecap="round" stroke-linejoin="round"/>
<path d="M1.315 47.2577 L0.4982 41.7535 L71.1153 42.1798 L71.5237 44.9319 L1.315 47.2577 Z" fill="#000000"/>
<path d="M1.315 47.2577 L0.4982 41.7535 L71.1153 42.1798 L71.5237 44.9319 L1.315 47.2577 Z" fill="none" stroke="#000000" stroke-width="0.5" stroke-linecap="round" stroke-linejoin="round"/>
<path d="M282.9663 43.4587 L281.3797 48.9472 L211.556 45.7766 L212.3493 43.0324 L282.9663 43.4587 Z" fill="#000000"/>
<path d="M282.9663 43.4587 L281.3797 48.9472 L211.556 45.7766 L212.3493 43.0324 L282.9663 43.4587 Z" fill="none" stroke="#000000" stroke-width="0.5" stroke-linecap="round" stroke-linejoin="round"/>
<path d="M4.5707 52.6811 L1.315 47.2577 L71.5237 44.9319 L73.1515 47.6436 L4.5707 52.6811 Z" fill="#000000"/>
<path d="M4.5707 52.6811 L1.315 47.2577 L71.5237 44.9319 L73.1515 47.6436 L4.5707 52.6811 Z" fill="none" stroke="#000000" stroke-width="0.5" stroke-linecap="round" stroke-linejoin="round"/>
<path d="M281.3797 48.9472 L277.4085 54.3266 L209.5704 48.4664 L211.556 45.7766 L281.3797 48.9472 Z" fill="#000000"/>
<path d="M281.3797 48.9472 L277.4085 54.3266 L209.5704 48.4664 L211.556 45.7766 L281.3797 48.9472 Z" fill="none" stroke="#000000" stroke-width="0.5" stroke-linecap="round" stroke-linejoin="round"/>
<path d="M10.1596 57.9319 L4.5707 52.6811 L73.1515 47.6436 L75.9459 50.269 L10.1596 57.9319 Z" fill="#000000"/>
<path d="M10.1596 57.9319 L4.5707 52.6811 L73.1515 47.6436 L75.9459 50.269 L10.1596 57.9319 Z" fill="none" stroke="#000000" stroke-width="0.5" stroke-linecap="round" stroke-linejoin="round"/>
<path d="M277.4085 54.3266 L271.1134 59.5051 L206.4228 51.0556 L209.5704 48.4664 L277.4085 54.3266 Z" fill="#000000"/>
<path d="M277.4085 54.3266 L271.1134 59.5051 L206.4228 51.0556 L209.5704 48.4664 L277.4085 54.3266 Z" fill="none" stroke="#000000" stroke-width="0.5" stroke-linecap="round" stroke-linejoin="round"/>
<path d="M17.9946 62.9202 L10.1596 57.9319 L75.9459 50.269 L79.8635 52.7632 L17.9946 62.9202 Z" fill="#000000"/>
<path d="M17.9946 62.9202 L10.1596 57.9319 L75.9459 50.269 L79.8635 52.7632 L17.9946 62.9202 Z" fill="none" stroke="#000000" stroke-width="0.5" stroke-linecap="round" stroke-linejoin="round"/>
<path d="M271.1134 59.5051 L262.606 64.3951 L202.1691 53.5006 L206.4228 51.0556 L271.1134 59.5051 Z" fill="#000000"/>
<path d="M271.1134 59.5051 L262.606 64.3951 L202.1691 53.5006 L206.4228 51.0556 L271.1134 59.5051 Z" fill="none" stroke="#000000" stroke-width="0.5" stroke-linecap="round" stroke-linejoin="round"/>
<path d="M27.9489 67.5604 L17.9946 62.9202 L79.8635 52.7632 L84.8406 55.0832 L27.9489 67.5604 Z" fill="#000000"/>
<path d="M27.9489 67.5604 L17.9946 62.9202 L79.8635 52.7632 L84.8406 55.0832 L27.9489 67.5604 Z" fill="none" stroke="#000000" stroke-width="0.5" stroke-linecap="round" stroke-linejoin="round"/>
<path d="M262.606 64.3951 L252.0545 68.9195 L196.8934 55.7628 L202.1691 53.5006 L262.606 64.3951 Z" fill="#000000"/>
<path d="M262.606 64.3951 L252.0545 68.9195 L196.8934 55.7628 L202.1691 53.5006 L262.606 64.3951 Z" fill="none" stroke="#000000" stroke-width="0.5" stroke-linecap="round" stroke-linejoin="round"/>
<path d="M39.8492 71.7743 L27.9489 67.5604 L84.8406 55.0832 L90.7908 57.1902 L39.8492 71.7743 Z" fill="#000000"/>
<path d="M39.8492 71.7743 L27.9489 67.5604 L84.8406 55.0832 L90.7908 57.1902 L39.8492 71.7743 Z" fill="none" stroke="#000000" stroke-width="0.5" stroke-linecap="round" stroke-linejoin="round"/>
<path d="M252.0545 68.9195 L239.5655 72.9818 L190.6489 57.7939 L196.8934 55.7628 L252.0545 68.9195 Z" fill="#000000"/>
<path d="M252.0545 68.9195 L239.5655 72.9818 L190.6489 57.7939 L196.8934 55.7628 L252.0545 68.9195 Z" fill="none" stroke="#000000" stroke-width="0.5" stroke-linecap="round" stroke-linejoin="round"/>
<path d="M53.4745 75.4978 L39.8492 71.7743 L90.7908 57.1902 L97.6034 59.052 L53.4745 75.4978 Z" fill="#000000"/>
<path d="M53.4745 75.4978 L39.8492 71.7743 L90.7908 57.1902 L97.6034 59.052 L53.4745 75.4978 Z" fill="none" stroke="#000000" stroke-width="0.5" stroke-linecap="round" stroke-linejoin="round"/>
<path d="M239.5655 72.9818 L225.4314 76.5297 L183.5818 59.5679 L190.6489 57.7939 L239.5655 72.9818 Z" fill="#000000"/>
<path d="M239.5655 72.9818 L225.4314 76.5297 L183.5818 59.5679 L190.6489 57.7939 L239.5655 72.9818 Z" fill="none" stroke="#000000" stroke-width="0.5" stroke-linecap="round" stroke-linejoin="round"/>
<path d="M68.6498 78.6437 L53.4745 75.4978 L97.6034 59.052 L105.1911 60.6249 L68.6498 78.6437 Z" fill="#000000"/>
<path d="M68.6498 78.6437 L53.4745 75.4978 L97.6034 59.052 L105.1911 60.6249 L68.6498 78.6437 Z" fill="none" stroke="#000000" stroke-width="0.5" stroke-linecap="round" stroke-linejoin="round"/>
<path d="M225.4314 76.5297 L209.8679 79.4975 L175.8001 61.0518 L183.5818 59.5679 L225.4314 76.5297 Z" fill="#000000"/>
<path d="M225.4314 76.5297 L209.8679 79.4975 L175.8001 61.0518 L183.5818 59.5679 L225.4314 76.5297 Z" fill="none" stroke="#000000" stroke-width="0.5" stroke-linecap="round" stroke-linejoin="round"/>
<path d="M85.0514 81.1801 L68.6498 78.6437 L105.1911 60.6249 L113.3919 61.8931 L85.0514 81.1801 Z" fill="#000000"/>
<path d="M85.0514 81.1801 L68.6498 78.6437 L105.1911 60.6249 L113.3919 61.8931 L85.0514 81.1801 Z" fill="none" stroke="#000000" stroke-width="0.5" stroke-linecap="round" stroke-linejoin="round"/>
<path d="M209.8679 79.4975 L193.1365 81.8335 L167.4344 62.2198 L175.8001 61.0518 L209.8679 79.4975 Z" fill="#000000"/>
<path d="M209.8679 79.4975 L193.1365 81.8335 L167.4344 62.2198 L175.8001 61.0518 L209.8679 79.4975 Z" fill="none" stroke="#000000" stroke-width="0.5" stroke-linecap="round" stroke-linejoin="round"/>
<path d="M102.4205 83.0569 L85.0514 81.1801 L113.3919 61.8931 L122.0764 62.8315 L102.4205 83.0569 Z" fill="#000000"/>
<path d="M102.4205 83.0569 L85.0514 81.1801 L113.3919 61.8931 L122.0764 62.8315 L102.4205 83.0569 Z" fill="none" stroke="#000000" stroke-width="0.5" stroke-linecap="round" stroke-linejoin="round"/>
<path d="M193.1365 81.8335 L175.525 83.4998 L158.6286 63.0529 L167.4344 62.2198 L193.1365 81.8335 Z" fill="#000000"/>
<path d="M193.1365 81.8335 L175.525 83.4998 L158.6286 63.0529 L167.4344 62.2198 L193.1365 81.8335 Z" fill="none" stroke="#000000" stroke-width="0.5" stroke-linecap="round" stroke-linejoin="round"/>
<path d="M120.4637 84.2409 L102.4205 83.0569 L122.0764 62.8315 L131.098 63.4235 L120.4637 84.2409 Z" fill="#000000"/>
<path d="M120.4637 84.2409 L102.4205 83.0569 L122.0764 62.8315 L131.098 63.4235 L120.4637 84.2409 Z" fill="none" stroke="#000000" stroke-width="0.5" stroke-linecap="round" stroke-linejoin="round"/>
<path d="M175.525 83.4998 L157.3342 84.4704 L149.5332 63.5383 L158.6286 63.0529 L175.525 83.4998 Z" fill="#000000"/>
<path d="M175.525 83.4998 L157.3342 84.4704 L149.5332 63.5383 L158.6286 63.0529 L175.525 83.4998 Z" fill="none" stroke="#000000" stroke-width="0.5" stroke-linecap="round" stroke-linejoin="round"/>
<path d="M138.8724 84.714 L120.4637 84.2409 L131.098 63.4235 L140.3024 63.66 L138.8724 84.714 Z" fill="#000000"/>
<path d="M138.8724 84.714 L120.4637 84.2409 L131.098 63.4235 L140.3024 63.66 L138.8724 84.714 Z" fill="none" stroke="#000000" stroke-width="0.5" stroke-linecap="round" stroke-linejoin="round"/>
<path d="M157.3342 84.4704 L138.8724 84.714 L140.3024 63.66 L149.5332 63.5383 L157.3342 84.4704 Z" fill="#000000"/>
<path d="M157.3342 84.4704 L138.8724 84.714 L140.3024 63.66 L149.5332 63.5383 L157.3342 84.4704 Z" fill="none" stroke="#000000" stroke-width="0.5" stroke-linecap="round" stroke-linejoin="round"/>
<path d="M126.1304 54.6842 L144.5921 54.4407 L143.1622 75.4946 L133.9313 75.6164 L126.1304 54.6842 Z" fill="#000000"/>
<path d="M126.1304 54.6842 L144.5921 54.4407 L143.1622 75.4946 L133.9313 75.6164 L126.1304 54.6842 Z" fill="none" stroke="#000000" stroke-width="0.5" stroke-linecap="round" stroke-linejoin="round"/>
<path d="M144.5921 54.4407 L163.0009 54.9137 L152.3666 75.7311 L143.1622 75.4946 L144.5921 54.4407 Z" fill="#000000"/>
<path d="M144.5921 54.4407 L163.0009 54.9137 L152.3666 75.7311 L143.1622 75.4946 L144.5921 54.4407 Z" fill="none" stroke="#000000" stroke-width="0.5" stroke-linecap="round" stroke-linejoin="round"/>
<path d="M107.9396 55.6549 L126.1304 54.6842 L133.9313 75.6164 L124.8359 76.1017 L107.9396 55.6549 Z" fill="#000000"/>
<path d="M107.9396 55.6549 L126.1304 54.6842 L133.9313 75.6164 L124.8359 76.1017 L107.9396 55.6549 Z" fill="none" stroke="#000000" stroke-width="0.5" stroke-linecap="round" stroke-linejoin="round"/>
<path d="M163.0009 54.9137 L181.0441 56.0977 L161.3882 76.3231 L152.3666 75.7311 L163.0009 54.9137 Z" fill="#000000"/>
<path d="M163.0009 54.9137 L181.0441 56.0977 L161.3882 76.3231 L152.3666 75.7311 L163.0009 54.9137 Z" fill="none" stroke="#000000" stroke-width="0.5" stroke-linecap="round" stroke-linejoin="round"/>
<path d="M90.3281 57.3211 L107.9396 55.6549 L124.8359 76.1017 L116.0302 76.9348 L90.3281 57.3211 Z" fill="#000000"/>
<path d="M90.3281 57.3211 L107.9396 55.6549 L124.8359 76.1017 L116.0302 76.9348 L90.3281 57.3211 Z" fill="none" stroke="#000000" stroke-width="0.5" stroke-linecap="round" stroke-linejoin="round"/>
<path d="M181.0441 56.0977 L198.4131 57.9745 L170.0727 77.2615 L161.3882 76.3231 L181.0441 56.0977 Z" fill="#000000"/>
<path d="M181.0441 56.0977 L198.4131 57.9745 L170.0727 77.2615 L161.3882 76.3231 L181.0441 56.0977 Z" fill="none" stroke="#000000" stroke-width="0.5" stroke-linecap="round" stroke-linejoin="round"/>
<path d="M73.5967 59.6571 L90.3281 57.3211 L116.0302 76.9348 L107.6645 78.1028 L73.5967 59.6571 Z" fill="#000000"/>
<path d="M73.5967 59.6571 L90.3281 57.3211 L116.0302 76.9348 L107.6645 78.1028 L73.5967 59.6571 Z" fill="none" stroke="#000000" stroke-width="0.5" stroke-linecap="round" stroke-linejoin="round"/>
<path d="M198.4131 57.9745 L214.8147 60.511 L178.2735 78.5298 L170.0727 77.2615 L198.4131 57.9745 Z" fill="#000000"/>
<path d="M198.4131 57.9745 L214.8147 60.511 L178.2735 78.5298 L170.0727 77.2615 L198.4131 57.9745 Z" fill="none" stroke="#000000" stroke-width="0.5" stroke-linecap="round" stroke-linejoin="round"/>
<path d="M58.0332 62.6249 L73.5967 59.6571 L107.6645 78.1028 L99.8827 79.5867 L58.0332 62.6249 Z" fill="#000000"/>
<path d="M58.0332 62.6249 L73.5967 59.6571 L107.6645 78.1028 L99.8827 79.5867 L58.0332 62.6249 Z" fill="none" stroke="#000000" stroke-width="0.5" stroke-linecap="round" stroke-linejoin="round"/>
<path d="M214.8147 60.511 L229.9901 63.6568 L185.8612 80.1027 L178.2735 78.5298 L214.8147 60.511 Z" fill="#000000"/>
<path d="M214.8147 60.511 L229.9901 63.6568 L185.8612 80.1027 L178.2735 78.5298 L214.8147 60.511 Z" fill="none" stroke="#000000" stroke-width="0.5" stroke-linecap="round" stroke-linejoin="round"/>
<path d="M43.8991 66.1729 L58.0332 62.6249 L99.8827 79.5867 L92.8157 81.3607 L43.8991 66.1729 Z" fill="#000000"/>
<path d="M43.8991 66.1729 L58.0332 62.6249 L99.8827 79.5867 L92.8157 81.3607 L43.8991 66.1729 Z" fill="none" stroke="#000000" stroke-width="0.5" stroke-linecap="round" stroke-linejoin="round"/>
<path d="M229.9901 63.6568 L243.6153 67.3803 L192.6738 81.9644 L185.8612 80.1027 L229.9901 63.6568 Z" fill="#000000"/>
<path d="M229.9901 63.6568 L243.6153 67.3803 L192.6738 81.9644 L185.8612 80.1027 L229.9901 63.6568 Z" fill="none" stroke="#000000" stroke-width="0.5" stroke-linecap="round" stroke-linejoin="round"/>
<path d="M31.4101 70.2352 L43.8991 66.1729 L92.8157 81.3607 L86.5712 83.3918 L31.4101 70.2352 Z" fill="#000000"/>
<path d="M31.4101 70.2352 L43.8991 66.1729 L92.8157 81.3607 L86.5712 83.3918 L31.4101 70.2352 Z" fill="none" stroke="#000000" stroke-width="0.5" stroke-linecap="round" stroke-linejoin="round"/>
<path d="M243.6153 67.3803 L255.5156 71.5943 L198.624 84.0714 L192.6738 81.9644 L243.6153 67.3803 Z" fill="#000000"/>
<path d="M243.6153 67.3803 L255.5156 71.5943 L198.624 84.0714 L192.6738 81.9644 L243.6153 67.3803 Z" fill="none" stroke="#000000" stroke-width="0.5" stroke-linecap="round" stroke-linejoin="round"/>
<path d="M20.8586 74.7596 L31.4101 70.2352 L86.5712 83.3918 L81.2954 85.654 L20.8586 74.7596 Z" fill="#000000"/>
<path d="M20.8586 74.7596 L31.4101 70.2352 L86.5712 83.3918 L81.2954 85.654 L20.8586 74.7596 Z" fill="none" stroke="#000000" stroke-width="0.5" stroke-linecap="round" stroke-linejoin="round"/>
<path d="M255.5156 71.5943 L265.4699 76.2344 L203.6011 86.3915 L198.624 84.0714 L255.5156 71.5943 Z" fill="#000000"/>
<path d="M255.5156 71.5943 L265.4699 76.2344 L203.6011 86.3915 L198.624 84.0714 L255.5156 71.5943 Z" fill="none" stroke="#000000" stroke-width="0.5" stroke-linecap="round" stroke-linejoin="round"/>
<path d="M12.3512 79.6496 L20.8586 74.7596 L81.2954 85.654 L77.0417 88.0991 L12.3512 79.6496 Z" fill="#000000"/>
<path d="M12.3512 79.6496 L20.8586 74.7596 L81.2954 85.654 L77.0417 88.0991 L12.3512 79.6496 Z" fill="none" stroke="#000000" stroke-width="0.5" stroke-linecap="round" stroke-linejoin="round"/>
<path d="M265.4699 76.2344 L273.305 81.2228 L207.5186 88.8857 L203.6011 86.3915 L265.4699 76.2344 Z" fill="#000000"/>
<path d="M265.4699 76.2344 L273.305 81.2228 L207.5186 88.8857 L203.6011 86.3915 L265.4699 76.2344 Z" fill="none" stroke="#000000" stroke-width="0.5" stroke-linecap="round" stroke-linejoin="round"/>
<path d="M6.056 84.828 L12.3512 79.6496 L77.0417 88.0991 L73.8942 90.6883 L6.056 84.828 Z" fill="#000000"/>
<path d="M6.056 84.828 L12.3512 79.6496 L77.0417 88.0991 L73.8942 90.6883 L6.056 84.828 Z" fill="none" stroke="#000000" stroke-width="0.5" stroke-linecap="round" stroke-linejoin="round"/>
<path d="M273.305 81.2228 L278.8938 86.4735 L210.3131 91.511 L207.5186 88.8857 L273.305 81.2228 Z" fill="#000000"/>
<path d="M273.305 81.2228 L278.8938 86.4735 L210.3131 91.511 L207.5186 88.8857 L273.305 81.2228 Z" fill="none" stroke="#000000" stroke-width="0.5" stroke-linecap="round" stroke-linejoin="round"/>
<path d="M2.0848 90.2075 L6.056 84.828 L73.8942 90.6883 L71.9086 93.378 L2.0848 90.2075 Z" fill="#000000"/>
<path d="M2.0848 90.2075 L6.056 84.828 L73.8942 90.6883 L71.9086 93.378 L2.0848 90.2075 Z" fill="none" stroke="#000000" stroke-width="0.5" stroke-linecap="round" stroke-linejoin="round"/>
<path d="M278.8938 86.4735 L282.1495 91.8969 L211.9409 94.2227 L210.3131 91.511 L278.8938 86.4735 Z" fill="#000000"/>
<path d="M278.8938 86.4735 L282.1495 91.8969 L211.9409 94.2227 L210.3131 91.511 L278.8938 86.4735 Z" fill="none" stroke="#000000" stroke-width="0.5" stroke-linecap="round" stroke-linejoin="round"/>
<path d="M0.4982 95.6959 L2.0848 90.2075 L71.9086 93.378 L71.1153 96.1222 L0.4982 95.6959 Z" fill="#000000"/>
<path d="M0.4982 95.6959 L2.0848 90.2075 L71.9086 93.378 L71.1153 96.1222 L0.4982 95.6959 Z" fill="none" stroke="#000000" stroke-width="0.5" stroke-linecap="round" stroke-linejoin="round"/>
<path d="M282.1495 91.8969 L282.9663 97.4012 L212.3493 96.9749 L211.9409 94.2227 L282.1495 91.8969 Z" fill="#000000"/>
<path d="M282.1495 91.8969 L282.9663 97.4012 L212.3493 96.9749 L211.9409 94.2227 L282.1495 91.8969 Z" fill="none" stroke="#000000" stroke-width="0.5" stroke-linecap="round" stroke-linejoin="round"/>
<path d="M1.315 101.2001 L0.4982 95.6959 L71.1153 96.1222 L71.5237 98.8743 L1.315 101.2001 Z" fill="#000000"/>
<path d="M1.315 101.2001 L0.4982 95.6959 L71.1153 96.1222 L71.5237 98.8743 L1.315 101.2001 Z" fill="none" stroke="#000000" stroke-width="0.5" stroke-linecap="round" stroke-linejoin="round"/>
<path d="M282.9663 97.4012 L281.3797 102.8896 L211.556 99.7191 L212.3493 96.9749 L282.9663 97.4012 Z" fill="#000000"/>
<path d="M282.9663 97.4012 L281.3797 102.8896 L211.556 99.7191 L212.3493 96.9749 L282.9663 97.4012 Z" fill="none" stroke="#000000" stroke-width="0.5" stroke-linecap="round" stroke-linejoin="round"/>
<path d="M4.5707 106.6236 L1.315 101.2001 L71.5237 98.8743 L73.1515 101.5861 L4.5707 106.6236 Z" fill="#000000"/>
<path d="M4.5707 106.6236 L1.315 101.2001 L71.5237 98.8743 L73.1515 101.5861 L4.5707 106.6236 Z" fill="none" stroke="#000000" stroke-width="0.5" stroke-linecap="round" stroke-linejoin="round"/>
<path d="M281.3797 102.8896 L277.4085 108.2691 L209.5704 102.4088 L211.556 99.7191 L281.3797 102.8896 Z" fill="#000000"/>
<path d="M281.3797 102.8896 L277.4085 108.2691 L209.5704 102.4088 L211.556 99.7191 L281.3797 102.8896 Z" fill="none" stroke="#000000" stroke-width="0.5" stroke-linecap="round" stroke-linejoin="round"/>
<path d="M10.1596 111.8743 L4.5707 106.6236 L73.1515 101.5861 L75.9459 104.2114 L10.1596 111.8743 Z" fill="#000000"/>
<path d="M10.1596 111.8743 L4.5707 106.6236 L73.1515 101.5861 L75.9459 104.2114 L10.1596 111.8743 Z" fill="none" stroke="#000000" stroke-width="0.5" stroke-linecap="round" stroke-linejoin="round"/>
<path d="M277.4085 108.2691 L271.1134 113.4475 L206.4228 104.998 L209.5704 102.4088 L277.4085 108.2691 Z" fill="#000000"/>
<path d="M277.4085 108.2691 L271.1134 113.4475 L206.4228 104.998 L209.5704 102.4088 L277.4085 108.2691 Z" fill="none" stroke="#000000" stroke-width="0.5" stroke-linecap="round" stroke-linejoin="round"/>
<path d="M17.9946 116.8626 L10.1596 111.8743 L75.9459 104.2114 L79.8635 106.7056 L17.9946 116.8626 Z" fill="#000000"/>
<path d="M17.9946 116.8626 L10.1596 111.8743 L75.9459 104.2114 L79.8635 106.7056 L17.9946 116.8626 Z" fill="none" stroke="#000000" stroke-width="0.5" stroke-linecap="round" stroke-linejoin="round"/>
<path d="M271.1134 113.4475 L262.606 118.3375 L202.1691 107.443 L206.4228 104.998 L271.1134 113.4475 Z" fill="#000000"/>
<path d="M271.1134 113.4475 L262.606 118.3375 L202.1691 107.443 L206.4228 104.998 L271.1134 113.4475 Z" fill="none" stroke="#000000" stroke-width="0.5" stroke-linecap="round" stroke-linejoin="round"/>
<path d="M27.9489 121.5028 L17.9946 116.8626 L79.8635 106.7056 L84.8406 109.0257 L27.9489 121.5028 Z" fill="#000000"/>
<path d="M27.9489 121.5028 L17.9946 116.8626 L79.8635 106.7056 L84.8406 109.0257 L27.9489 121.5028 Z" fill="none" stroke="#000000" stroke-width="0.5" stroke-linecap="round" stroke-linejoin="round"/>
<path d="M262.606 118.3375 L252.0545 122.8619 L196.8934 109.7052 L202.1691 107.443 L262.606 118.3375 Z" fill="#000000"/>
<path d="M262.606 118.3375 L252.0545 122.8619 L196.8934 109.7052 L202.1691 107.443 L262.606 118.3375 Z" fill="none" stroke="#000000" stroke-width="0.5" stroke-linecap="round" stroke-linejoin="round"/>
<path d="M39.8492 125.7168 L27.9489 121.5028 L84.8406 109.0257 L90.7908 111.1327 L39.8492 125.7168 Z" fill="#000000"/>
<path d="M39.8492 125.7168 L27.9489 121.5028 L84.8406 109.0257 L90.7908 111.1327 L39.8492 125.7168 Z" fill="none" stroke="#000000" stroke-width="0.5" stroke-linecap="round" stroke-linejoin="round"/>
<path d="M252.0545 122.8619 L239.5655 126.9242 L190.6489 111.7364 L196.8934 109.7052 L252.0545 122.8619 Z" fill="#000000"/>
<path d="M252.0545 122.8619 L239.5655 126.9242 L190.6489 111.7364 L196.8934 109.7052 L252.0545 122.8619 Z" fill="none" stroke="#000000" stroke-width="0.5" stroke-linecap="round" stroke-linejoin="round"/>
<path d="M53.4745 129.4403 L39.8492 125.7168 L90.7908 111.1327 L97.6034 112.9944 L53.4745 129.4403 Z" fill="#000000"/>
<path d="M53.4745 129.4403 L39.8492 125.7168 L90.7908 111.1327 L97.6034 112.9944 L53.4745 129.4403 Z" fill="none" stroke="#000000" stroke-width="0.5" stroke-linecap="round" stroke-linejoin="round"/>
<path d="M239.5655 126.9242 L225.4314 130.4722 L183.5818 113.5104 L190.6489 111.7364 L239.5655 126.9242 Z" fill="#000000"/>
<path d="M239.5655 126.9242 L225.4314 130.4722 L183.5818 113.5104 L190.6489 111.7364 L239.5655 126.9242 Z" fill="none" stroke="#000000" stroke-width="0.5" stroke-linecap="round" stroke-linejoin="round"/>
<path d="M68.6498 132.5861 L53.4745 129.4403 L97.6034 112.9944 L105.1911 114.5673 L68.6498 132.5861 Z" fill="#000000"/>
<path d="M68.6498 132.5861 L53.4745 129.4403 L97.6034 112.9944 L105.1911 114.5673 L68.6498 132.5861 Z" fill="none" stroke="#000000" stroke-width="0.5" stroke-linecap="round" stroke-linejoin="round"/>
<path d="M225.4314 130.4722 L209.8679 133.44 L175.8001 114.9943 L183.5818 113.5104 L225.4314 130.4722 Z" fill="#000000"/>
<path d="M225.4314 130.4722 L209.8679 133.44 L175.8001 114.9943 L183.5818 113.5104 L225.4314 130.4722 Z" fill="none" stroke="#000000" stroke-width="0.5" stroke-linecap="round" stroke-linejoin="round"/>
<path d="M85.0514 135.1225 L68.6498 132.5861 L105.1911 114.5673 L113.3919 115.8355 L85.0514 135.1225 Z" fill="#000000"/>
<path d="M85.0514 135.1225 L68.6498 132.5861 L105.1911 114.5673 L113.3919 115.8355 L85.0514 135.1225 Z" fill="none" stroke="#000000" stroke-width="0.5" stroke-linecap="round" stroke-linejoin="round"/>
<path d="M209.8679 133.44 L193.1365 135.7759 L167.4344 116.1622 L175.8001 114.9943 L209.8679 133.44 Z" fill="#000000"/>
<path d="M209.8679 133.44 L193.1365 135.7759 L167.4344 116.1622 L175.8001 114.9943 L209.8679 133.44 Z" fill="none" stroke="#000000" stroke-width="0.5" stroke-linecap="round" stroke-linejoin="round"/>
<path d="M102.4205 136.9994 L85.0514 135.1225 L113.3919 115.8355 L122.0764 116.774 L102.4205 136.9994 Z" fill="#000000"/>
<path d="M102.4205 136.9994 L85.0514 135.1225 L113.3919 115.8355 L122.0764 116.774 L102.4205 136.9994 Z" fill="none" stroke="#000000" stroke-width="0.5" stroke-linecap="round" stroke-linejoin="round"/>
<path d="M193.1365 135.7759 L175.525 137.4422 L158.6286 116.9954 L167.4344 116.1622 L193.1365 135.7759 Z" fill="#000000"/>
<path d="M193.1365 135.7759 L175.525 137.4422 L158.6286 116.9954 L167.4344 116.1622 L193.1365 135.7759 Z" fill="none" stroke="#000000" stroke-width="0.5" stroke-linecap="round" stroke-linejoin="round"/>
<path d="M120.4637 138.1834 L102.4205 136.9994 L122.0764 116.774 L131.098 117.3659 L120.4637 138.1834 Z" fill="#000000"/>
<path d="M120.4637 138.1834 L102.4205 136.9994 L122.0764 116.774 L131.098 117.3659 L120.4637 138.1834 Z" fill="none" stroke="#000000" stroke-width="0.5" stroke-linecap="round" stroke-linejoin="round"/>
<path d="M175.525 137.4422 L157.3342 138.4129 L149.5332 117.4807 L158.6286 116.9954 L175.525 137.4422 Z" fill="#000000"/>
<path d="M175.525 137.4422 L157.3342 138.4129 L149.5332 117.4807 L158.6286 116.9954 L175.525 137.4422 Z" fill="none" stroke="#000000" stroke-width="0.5" stroke-linecap="round" stroke-linejoin="round"/>
<path d="M138.8724 138.6564 L120.4637 138.1834 L131.098 117.3659 L140.3024 117.6025 L138.8724 138.6564 Z" fill="#000000"/>
<path d="M138.8724 138.6564 L120.4637 138.1834 L131.098 117.3659 L140.3024 117.6025 L138.8724 138.6564 Z" fill="none" stroke="#000000" stroke-width="0.5" stroke-linecap="round" stroke-linejoin="round"/>
<path d="M157.3342 138.4129 L138.8724 138.6564 L140.3024 117.6025 L149.5332 117.4807 L157.3342 138.4129 Z" fill="#000000"/>
<path d="M157.3342 138.4129 L138.8724 138.6564 L140.3024 117.6025 L149.5332 117.4807 L157.3342 138.4129 Z" fill="none" stroke="#000000" stroke-width="0.5" stroke-linecap="round" stroke-linejoin="round"/>
</svg>